25-04-25 08:10:11 INFO  | [AUTH] path: /view/chatListView
25-04-25 08:10:11 WARN  | JWT 디코딩 실패: CharSequence cannot be null or empty.
25-04-25 08:10:11 INFO  | [AUTH] AccessToken 재발급 완료 : user1
25-04-25 08:10:14 INFO  | [AUTH] path: /view/chatListView
25-04-25 08:10:42 INFO  | [AUTH] path: /logout
25-04-25 08:10:42 INFO  | [AUTH] path: /login
25-04-25 08:10:52 INFO  | [AUTH] path: /logout
25-04-25 08:10:52 INFO  | [AUTH] path: /login
25-04-25 08:10:54 INFO  | [AUTH] path: /loginProc
25-04-25 08:10:55 INFO  | [AUTH] path: /view/chatListView
25-04-25 08:10:57 INFO  | [AUTH] path: /loginProc
25-04-25 08:10:57 INFO  | [AUTH] path: /view/chatListView
25-04-25 08:11:00 INFO  | [AUTH] path: /view/friendListView
25-04-25 08:11:02 INFO  | [AUTH] path: /api/friends/chatRoom
25-04-25 08:11:02 INFO  | [AUTH] path: /view/chatView
25-04-25 08:11:02 INFO  | [AUTH] path: /view/chatView
25-04-25 08:11:14 INFO  | [AUTH] path: /view/chatListView
25-04-25 08:11:16 INFO  | [AUTH] path: /view/chatView
25-04-25 08:11:16 INFO  | [AUTH] path: /view/chatView
25-04-25 08:11:21 INFO  | [AUTH] path: /view/chatView
25-04-25 08:11:21 INFO  | [AUTH] path: /view/chatView
25-04-25 08:11:23 INFO  | [AUTH] path: /view/chatListView
25-04-25 08:11:24 INFO  | [AUTH] path: /view/chatListView
25-04-25 08:11:26 INFO  | [AUTH] path: /view/chatView
25-04-25 08:11:26 INFO  | [AUTH] path: /view/chatView
25-04-25 08:11:32 INFO  | [AUTH] path: /view/chatView
25-04-25 08:11:32 INFO  | [AUTH] path: /view/chatView
25-04-25 08:11:35 INFO  | [AUTH] path: /view/chatListView
25-04-25 08:20:13 INFO  | [AUTH] path: /view/chatListView
25-04-25 08:20:15 INFO  | [AUTH] path: /view/chatListView
25-04-25 08:20:26 INFO  | [AUTH] path: /view/chatListView
25-04-25 08:20:33 INFO  | [AUTH] path: /view/chatListView
25-04-25 08:20:38 INFO  | [AUTH] path: /view/chatView
25-04-25 08:20:38 INFO  | [AUTH] path: /view/chatView
25-04-25 08:20:41 INFO  | [AUTH] path: /view/friendListView
25-04-25 08:20:43 INFO  | [AUTH] path: /api/friends/chatRoom
25-04-25 08:20:43 INFO  | [AUTH] path: /view/chatView
25-04-25 08:20:43 INFO  | [AUTH] path: /view/chatView
25-04-25 08:37:53 INFO  | HV000001: Hibernate Validator 8.0.2.Final
25-04-25 08:37:54 INFO  | Starting ChatGatewayApplication using Java 17 with PID 17380 (C:\Java\2025Space\SoketTest_split\ChatGateway\build\classes\java\main started by SMCHAE in C:\Java\2025Space\SoketTest_split\ChatGateway)
25-04-25 08:37:54 INFO  | No active profile set, falling back to 1 default profile: "default"
25-04-25 08:37:56 INFO  | Multiple Spring Data modules found, entering strict repository configuration mode
25-04-25 08:37:56 INFO  | Bootstrapping Spring Data Reactive MongoDB repositories in DEFAULT mode.
25-04-25 08:37:56 INFO  | Finished Spring Data repository scanning in 46 ms. Found 0 Reactive MongoDB repository interfaces.
25-04-25 08:37:56 INFO  | Multiple Spring Data modules found, entering strict repository configuration mode
25-04-25 08:37:56 INFO  | Bootstrapping Spring Data R2DBC repositories in DEFAULT mode.
25-04-25 08:37:56 INFO  | Finished Spring Data repository scanning in 26 ms. Found 0 R2DBC repository interfaces.
25-04-25 08:37:56 INFO  | Multiple Spring Data modules found, entering strict repository configuration mode
25-04-25 08:37:56 INFO  | Bootstrapping Spring Data Redis repositories in DEFAULT mode.
25-04-25 08:37:56 INFO  | Finished Spring Data repository scanning in 17 ms. Found 0 Redis repository interfaces.
25-04-25 08:37:56 INFO  | BeanFactory id=219a1fda-5756-30c3-8334-c2911586063e
25-04-25 08:38:01 INFO  | Cannot determine local hostname
25-04-25 08:38:02 INFO  | Loaded RoutePredicateFactory [After]
25-04-25 08:38:02 INFO  | Loaded RoutePredicateFactory [Before]
25-04-25 08:38:02 INFO  | Loaded RoutePredicateFactory [Between]
25-04-25 08:38:02 INFO  | Loaded RoutePredicateFactory [Cookie]
25-04-25 08:38:02 INFO  | Loaded RoutePredicateFactory [Header]
25-04-25 08:38:02 INFO  | Loaded RoutePredicateFactory [Host]
25-04-25 08:38:02 INFO  | Loaded RoutePredicateFactory [Method]
25-04-25 08:38:02 INFO  | Loaded RoutePredicateFactory [Path]
25-04-25 08:38:02 INFO  | Loaded RoutePredicateFactory [Query]
25-04-25 08:38:02 INFO  | Loaded RoutePredicateFactory [ReadBody]
25-04-25 08:38:02 INFO  | Loaded RoutePredicateFactory [RemoteAddr]
25-04-25 08:38:02 INFO  | Loaded RoutePredicateFactory [XForwardedRemoteAddr]
25-04-25 08:38:02 INFO  | Loaded RoutePredicateFactory [Weight]
25-04-25 08:38:02 INFO  | Loaded RoutePredicateFactory [CloudFoundryRouteService]
25-04-25 08:38:02 INFO  | Adding discovered server localhost:27017 to client view of cluster
25-04-25 08:38:02 INFO  | Adding discovered server localhost:27018 to client view of cluster
25-04-25 08:38:02 INFO  | MongoClient with metadata {"driver": {"name": "mongo-java-driver|reactive-streams|spring-boot", "version": "5.0.1"}, "os": {"type": "Windows", "name": "Windows 10", "architecture": "amd64", "version": "10.0"}, "platform": "Java/Oracle Corporation/17+35-2724"} created with settings MongoClientSettings{readPreference=primary, writeConcern=WriteConcern{w=null, wTimeout=null ms, journal=null}, retryWrites=true, retryReads=true, readConcern=ReadConcern{level=null}, credential=null, transportSettings=NettyTransportSettings{eventLoopGroup=io.netty.channel.nio.NioEventLoopGroup@6b3b4f37, socketChannelClass=null, allocator=null, sslContext=null}, commandListeners=[], codecRegistry=ProvidersCodecRegistry{codecProviders=[ValueCodecProvider{}, BsonValueCodecProvider{}, DBRefCodecProvider{}, DBObjectCodecProvider{}, DocumentCodecProvider{}, CollectionCodecProvider{}, IterableCodecProvider{}, MapCodecProvider{}, GeoJsonCodecProvider{}, GridFSFileCodecProvider{}, Jsr310CodecProvider{}, JsonObjectCodecProvider{}, BsonCodecProvider{}, EnumCodecProvider{}, com.mongodb.client.model.mql.ExpressionCodecProvider@3b25709e, com.mongodb.Jep395RecordCodecProvider@5ec6a1b6, com.mongodb.KotlinCodecProvider@40013051]}, loggerSettings=LoggerSettings{maxDocumentLength=1000}, clusterSettings={hosts=[localhost:27017, localhost:27018], srvServiceName=mongodb, mode=MULTIPLE, requiredClusterType=REPLICA_SET, requiredReplicaSetName='rs0', serverSelector='null', clusterListeners='[]', serverSelectionTimeout='30000 ms', localThreshold='15 ms'}, socketSettings=SocketSettings{connectTimeoutMS=10000, readTimeoutMS=0, receiveBufferSize=0, proxySettings=ProxySettings{host=null, port=null, username=null, password=null}}, heartbeatSocketSettings=SocketSettings{connectTimeoutMS=10000, readTimeoutMS=10000, receiveBufferSize=0, proxySettings=ProxySettings{host=null, port=null, username=null, password=null}}, connectionPoolSettings=ConnectionPoolSettings{maxSize=100, minSize=0, maxWaitTimeMS=120000, maxConnectionLifeTimeMS=0, maxConnectionIdleTimeMS=0, maintenanceInitialDelayMS=0, maintenanceFrequencyMS=60000, connectionPoolListeners=[], maxConnecting=2}, serverSettings=ServerSettings{heartbeatFrequencyMS=10000, minHeartbeatFrequencyMS=500, serverListeners='[]', serverMonitorListeners='[]'}, sslSettings=SslSettings{enabled=false, invalidHostNameAllowed=false, context=null}, applicationName='null', compressorList=[], uuidRepresentation=JAVA_LEGACY, serverApi=null, autoEncryptionSettings=null, dnsClient=null, inetAddressResolver=null, contextProvider=null}
25-04-25 08:38:02 INFO  | Monitor thread successfully connected to server with description ServerDescription{address=localhost:27018, type=REPLICA_SET_SECONDARY, state=CONNECTED, ok=true, minWireVersion=0, maxWireVersion=25, maxDocumentSize=16777216, logicalSessionTimeoutMinutes=30, roundTripTimeNanos=65581100, setName='rs0', canonicalAddress=localhost:27018, hosts=[localhost:27018, localhost:27017], passives=[], arbiters=[], primary='localhost:27017', tagSet=TagSet{[]}, electionId=null, setVersion=3, topologyVersion=TopologyVersion{processId=6809747db0843b8a0f4817f0, counter=4}, lastWriteDate=Fri Apr 25 08:37:54 KST 2025, lastUpdateTimeNanos=88877621121800}
25-04-25 08:38:02 INFO  | Monitor thread successfully connected to server with description ServerDescription{address=localhost:27017, type=REPLICA_SET_PRIMARY, state=CONNECTED, ok=true, minWireVersion=0, maxWireVersion=25, maxDocumentSize=16777216, logicalSessionTimeoutMinutes=30, roundTripTimeNanos=65566800, setName='rs0', canonicalAddress=localhost:27017, hosts=[localhost:27018, localhost:27017], passives=[], arbiters=[], primary='localhost:27017', tagSet=TagSet{[]}, electionId=7fffffff0000000000000058, setVersion=3, topologyVersion=TopologyVersion{processId=6809703eb84af6a5c722d0ca, counter=6}, lastWriteDate=Fri Apr 25 08:37:54 KST 2025, lastUpdateTimeNanos=88877621121800}
25-04-25 08:38:02 INFO  | Discovered replica set primary localhost:27017 with max election id 7fffffff0000000000000058 and max set version 3
25-04-25 08:38:04 INFO  | Cannot determine local hostname
25-04-25 08:38:04 INFO  | Netty started on port 80 (http)
25-04-25 08:38:06 INFO  | Cannot determine local hostname
25-04-25 08:38:07 INFO  | Cannot determine local hostname
25-04-25 08:38:08 INFO  | Started ChatGatewayApplication in 17.142 seconds (process running for 17.974)
25-04-25 08:38:21 INFO  | [AUTH] path: /view/chatListView
25-04-25 08:38:30 INFO  | [AUTH] path: /
25-04-25 08:38:30 INFO  | [AUTH] path: /login
25-04-25 08:38:30 INFO  | [AUTH] path: /view/chatListView
25-04-25 08:38:31 INFO  | [AUTH] path: /view/chatView
25-04-25 08:38:31 INFO  | [AUTH] path: /view/chatView
25-04-25 08:38:44 INFO  | [AUTH] path: /view/chatListView
25-04-25 08:38:45 INFO  | [AUTH] path: /view/chatView
25-04-25 08:38:45 INFO  | [AUTH] path: /view/chatView
25-04-25 08:38:48 INFO  | [AUTH] path: /view/chatListView
25-04-25 08:38:50 INFO  | [AUTH] path: /view/chatListView
25-04-25 08:38:53 INFO  | [AUTH] path: /view/chatView
25-04-25 08:38:53 INFO  | [AUTH] path: /view/chatView
25-04-25 08:39:00 INFO  | [AUTH] path: /view/chatListView
25-04-25 08:39:01 INFO  | [AUTH] path: /view/chatListView
25-04-25 08:39:03 INFO  | [AUTH] path: /view/chatListView
25-04-25 08:39:04 INFO  | [AUTH] path: /view/chatListView
25-04-25 08:39:06 INFO  | [AUTH] path: /view/chatListView
25-04-25 08:39:17 INFO  | [AUTH] path: /view/chatListView
25-04-25 08:40:49 INFO  | [AUTH] path: /view/chatListView
25-04-25 08:41:06 INFO  | [AUTH] path: /view/chatListView
25-04-25 08:41:06 WARN  | JWT 디코딩 실패: CharSequence cannot be null or empty.
25-04-25 08:41:06 INFO  | [AUTH] AccessToken 재발급 완료 : user1
25-04-25 08:41:10 INFO  | [AUTH] path: /view/chatListView
25-04-25 08:41:23 INFO  | [AUTH] path: /view/chatView
25-04-25 08:41:23 WARN  | JWT 디코딩 실패: CharSequence cannot be null or empty.
25-04-25 08:41:23 INFO  | [AUTH] AccessToken 재발급 완료 : user2
25-04-25 08:41:23 INFO  | [AUTH] path: /view/chatView
25-04-25 08:41:23 WARN  | JWT 디코딩 실패: CharSequence cannot be null or empty.
25-04-25 08:41:23 INFO  | [AUTH] AccessToken 재발급 완료 : user2
25-04-25 08:41:23 INFO  | [AUTH] path: /login
25-04-25 08:41:23 INFO  | [AUTH] path: /view/chatListView
25-04-25 08:41:23 INFO  | [AUTH] path: /view/chatView
25-04-25 08:41:23 INFO  | [AUTH] path: /view/chatView
25-04-25 08:41:26 INFO  | [AUTH] path: /view/chatView
25-04-25 08:41:26 INFO  | [AUTH] path: /view/chatView
25-04-25 08:41:35 INFO  | [AUTH] path: /view/chatView
25-04-25 08:41:35 INFO  | [AUTH] path: /view/chatView
25-04-25 08:41:38 INFO  | [AUTH] path: /view/chatView
25-04-25 08:41:38 INFO  | [AUTH] path: /view/chatView
25-04-25 08:41:39 INFO  | [AUTH] path: /view/chatListView
25-04-25 08:41:40 INFO  | [AUTH] path: /view/chatView
25-04-25 08:41:40 INFO  | [AUTH] path: /view/chatView
25-04-25 08:41:43 INFO  | [AUTH] path: /view/chatListView
25-04-25 08:43:57 INFO  | [AUTH] path: /view/chatListView
25-04-25 08:48:17 INFO  | [AUTH] path: /view/chatListView
25-04-25 08:48:26 INFO  | [AUTH] path: /view/chatListView
25-04-25 08:48:27 INFO  | [AUTH] path: /view/chatListView
25-04-25 08:48:29 INFO  | [AUTH] path: /view/chatListView
25-04-25 08:53:07 INFO  | [AUTH] path: /view/chatListView
25-04-25 08:53:29 INFO  | [AUTH] path: /view/chatListView
25-04-25 08:54:47 INFO  | [AUTH] path: /view/chatListView
25-04-25 08:55:00 INFO  | [AUTH] path: /view/chatListView
25-04-25 08:55:26 INFO  | [AUTH] path: /view/chatListView
25-04-25 08:58:10 INFO  | [AUTH] path: /view/chatListView
25-04-25 09:43:31 INFO  | [AUTH] path: /view/chatListView
25-04-25 09:43:31 WARN  | JWT 디코딩 실패: CharSequence cannot be null or empty.
25-04-25 09:43:31 INFO  | [AUTH] AccessToken 재발급 완료 : user1
25-04-25 09:43:34 INFO  | [AUTH] path: /view/chatListView
25-04-25 09:43:43 INFO  | [AUTH] path: /view/chatListView
25-04-25 09:43:51 INFO  | [AUTH] path: /view/chatView
25-04-25 09:43:51 WARN  | JWT 디코딩 실패: CharSequence cannot be null or empty.
25-04-25 09:43:51 INFO  | [AUTH] AccessToken 재발급 완료 : user2
25-04-25 09:43:51 INFO  | [AUTH] path: /view/chatView
25-04-25 09:43:51 WARN  | JWT 디코딩 실패: CharSequence cannot be null or empty.
25-04-25 09:43:51 INFO  | [AUTH] AccessToken 재발급 완료 : user2
25-04-25 09:43:52 INFO  | [AUTH] path: /view/chatView
25-04-25 09:43:52 INFO  | [AUTH] path: /view/chatView
25-04-25 09:43:53 INFO  | [AUTH] path: /view/chatView
25-04-25 09:43:53 INFO  | [AUTH] path: /view/chatView
25-04-25 09:43:54 INFO  | [AUTH] path: /view/chatListView
25-04-25 09:43:55 INFO  | [AUTH] path: /view/chatListView
25-04-25 09:43:56 INFO  | [AUTH] path: /view/chatView
25-04-25 09:43:56 INFO  | [AUTH] path: /view/chatView
25-04-25 09:44:18 INFO  | [AUTH] path: /view/chatListView
25-04-25 09:44:22 INFO  | [AUTH] path: /view/friendListView
25-04-25 09:44:24 INFO  | [AUTH] path: /api/friends/chatRoom
25-04-25 09:44:24 INFO  | [AUTH] path: /view/chatView
25-04-25 09:44:24 INFO  | [AUTH] path: /view/chatView
25-04-25 09:44:29 INFO  | [AUTH] path: /view/chatView
25-04-25 09:44:29 INFO  | [AUTH] path: /view/chatView
25-04-25 09:44:31 INFO  | [AUTH] path: /view/chatListView
25-04-25 09:44:33 INFO  | [AUTH] path: /view/chatListView
25-04-25 09:44:35 INFO  | [AUTH] path: /view/chatView
25-04-25 09:44:35 INFO  | [AUTH] path: /view/chatView
25-04-25 09:44:42 INFO  | [AUTH] path: /view/chatListView
25-04-25 09:46:46 INFO  | [AUTH] path: /view/chatListView
25-04-25 09:46:47 INFO  | [AUTH] path: /view/chatView
25-04-25 09:46:47 INFO  | [AUTH] path: /view/chatView
25-04-25 09:46:53 INFO  | [AUTH] path: /view/chatListView
25-04-25 09:46:57 INFO  | [AUTH] path: /view/chatListView
25-04-25 09:49:27 INFO  | [AUTH] path: /view/chatListView
25-04-25 09:49:29 INFO  | [AUTH] path: /view/chatListView
25-04-25 09:50:36 INFO  | [AUTH] path: /view/chatListView
25-04-25 09:50:43 INFO  | [AUTH] path: /view/chatListView
25-04-25 09:52:26 INFO  | [AUTH] path: /view/chatView
25-04-25 09:52:26 INFO  | [AUTH] path: /view/chatView
25-04-25 09:53:18 INFO  | [AUTH] path: /view/chatView
25-04-25 09:53:18 INFO  | [AUTH] path: /view/chatView
25-04-25 09:53:25 INFO  | [AUTH] path: /view/chatListView
25-04-25 09:56:00 INFO  | [AUTH] path: /view/chatView
25-04-25 09:56:00 INFO  | [AUTH] path: /view/chatView
25-04-25 09:56:01 INFO  | [AUTH] path: /view/chatListView
25-04-25 09:56:02 INFO  | [AUTH] path: /view/chatView
25-04-25 09:56:02 INFO  | [AUTH] path: /view/chatView
25-04-25 09:56:03 INFO  | [AUTH] path: /view/chatListView
25-04-25 09:56:09 INFO  | [AUTH] path: /view/chatView
25-04-25 09:56:09 INFO  | [AUTH] path: /view/chatView
25-04-25 09:56:14 INFO  | [AUTH] path: /view/chatListView
25-04-25 09:57:13 INFO  | [AUTH] path: /view/chatListView
25-04-25 09:58:10 INFO  | [AUTH] path: /view/chatListView
25-04-25 09:58:11 INFO  | [AUTH] path: /view/chatView
25-04-25 09:58:11 INFO  | [AUTH] path: /view/chatView
25-04-25 09:58:12 INFO  | [AUTH] path: /view/chatView
25-04-25 09:58:12 INFO  | [AUTH] path: /view/chatView
25-04-25 09:58:13 INFO  | [AUTH] path: /view/chatListView
25-04-25 09:58:17 INFO  | [AUTH] path: /view/chatView
25-04-25 09:58:17 INFO  | [AUTH] path: /view/chatView
25-04-25 09:58:20 INFO  | [AUTH] path: /view/chatListView
25-04-25 09:58:35 INFO  | [AUTH] path: /view/chatView
25-04-25 09:58:35 INFO  | [AUTH] path: /view/chatView
25-04-25 09:58:49 INFO  | [AUTH] path: /view/chatListView
25-04-25 10:05:56 INFO  | [AUTH] path: /view/chatListView
25-04-25 10:05:58 INFO  | [AUTH] path: /view/chatListView
25-04-25 10:06:25 INFO  | [AUTH] path: /view/chatListView
25-04-25 10:07:52 INFO  | [AUTH] path: /view/chatListView
25-04-25 10:08:20 INFO  | [AUTH] path: /view/chatListView
25-04-25 10:08:23 INFO  | [AUTH] path: /view/chatView
25-04-25 10:08:23 INFO  | [AUTH] path: /view/chatView
25-04-25 10:08:27 INFO  | [AUTH] path: /view/chatListView
25-04-25 10:08:36 INFO  | [AUTH] path: /view/chatListView
25-04-25 10:09:54 INFO  | [AUTH] path: /view/chatListView
25-04-25 10:10:02 INFO  | [AUTH] path: /view/chatListView
25-04-25 10:10:03 INFO  | [AUTH] path: /view/chatView
25-04-25 10:10:03 INFO  | [AUTH] path: /view/chatView
25-04-25 10:10:08 INFO  | [AUTH] path: /view/chatListView
25-04-25 10:10:11 INFO  | [AUTH] path: /view/chatView
25-04-25 10:10:11 INFO  | [AUTH] path: /view/chatView
25-04-25 10:10:14 INFO  | [AUTH] path: /view/chatListView
25-04-25 10:12:01 INFO  | [AUTH] path: /view/chatListView
25-04-25 10:18:59 INFO  | [AUTH] path: /view/chatListView
25-04-25 10:18:59 WARN  | JWT 디코딩 실패: CharSequence cannot be null or empty.
25-04-25 10:18:59 INFO  | [AUTH] path: /login
25-04-25 10:19:04 INFO  | [AUTH] path: /logout
25-04-25 10:19:04 INFO  | [AUTH] path: /login
25-04-25 10:19:06 INFO  | [AUTH] path: /loginProc
25-04-25 10:19:07 INFO  | [AUTH] path: /view/chatListView
25-04-25 10:19:18 INFO  | [AUTH] path: /view/chatListView
25-04-25 10:20:46 INFO  | [AUTH] path: /view/chatListView
25-04-25 10:20:59 INFO  | [AUTH] path: /view/chatListView
25-04-25 10:28:14 INFO  | [AUTH] path: /view/chatListView
25-04-25 10:28:18 INFO  | [AUTH] path: /view/chatListView
25-04-25 10:28:46 INFO  | [AUTH] path: /view/chatListView
25-04-25 10:28:46 WARN  | JWT 디코딩 실패: CharSequence cannot be null or empty.
25-04-25 10:28:46 WARN  | [AUTH] accessToken/refreshToken 모두 userId 추출 실패
25-04-25 10:28:46 INFO  | [AUTH] path: /login
25-04-25 10:28:47 INFO  | [AUTH] path: /loginProc
25-04-25 10:28:47 INFO  | [AUTH] path: /view/chatListView
25-04-25 10:30:51 INFO  | [AUTH] path: /view/chatListView
25-04-25 10:31:13 INFO  | [AUTH] path: /view/chatListView
25-04-25 10:32:20 INFO  | [AUTH] path: /view/chatListView
25-04-25 10:32:28 INFO  | [AUTH] path: /view/chatListView
25-04-25 10:32:45 INFO  | [AUTH] path: /view/chatListView
25-04-25 10:34:08 INFO  | [AUTH] path: /view/chatListView
25-04-25 10:34:10 INFO  | [AUTH] path: /view/chatListView
25-04-25 10:34:24 INFO  | [AUTH] path: /view/chatListView
25-04-25 10:51:17 INFO  | HV000001: Hibernate Validator 8.0.2.Final
25-04-25 10:51:17 INFO  | Starting ChatGatewayApplication using Java 17 with PID 24284 (C:\Java\2025Space\SoketTest_split\ChatGateway\build\classes\java\main started by SMCHAE in C:\Java\2025Space\SoketTest_split\ChatGateway)
25-04-25 10:51:17 INFO  | No active profile set, falling back to 1 default profile: "default"
25-04-25 10:51:19 INFO  | Multiple Spring Data modules found, entering strict repository configuration mode
25-04-25 10:51:19 INFO  | Bootstrapping Spring Data Reactive MongoDB repositories in DEFAULT mode.
25-04-25 10:51:19 INFO  | Finished Spring Data repository scanning in 25 ms. Found 0 Reactive MongoDB repository interfaces.
25-04-25 10:51:19 INFO  | Multiple Spring Data modules found, entering strict repository configuration mode
25-04-25 10:51:19 INFO  | Bootstrapping Spring Data R2DBC repositories in DEFAULT mode.
25-04-25 10:51:19 INFO  | Finished Spring Data repository scanning in 8 ms. Found 0 R2DBC repository interfaces.
25-04-25 10:51:19 INFO  | Multiple Spring Data modules found, entering strict repository configuration mode
25-04-25 10:51:19 INFO  | Bootstrapping Spring Data Redis repositories in DEFAULT mode.
25-04-25 10:51:19 INFO  | Finished Spring Data repository scanning in 10 ms. Found 0 Redis repository interfaces.
25-04-25 10:51:19 INFO  | BeanFactory id=219a1fda-5756-30c3-8334-c2911586063e
25-04-25 10:51:22 INFO  | Cannot determine local hostname
25-04-25 10:51:23 INFO  | Loaded RoutePredicateFactory [After]
25-04-25 10:51:23 INFO  | Loaded RoutePredicateFactory [Before]
25-04-25 10:51:23 INFO  | Loaded RoutePredicateFactory [Between]
25-04-25 10:51:23 INFO  | Loaded RoutePredicateFactory [Cookie]
25-04-25 10:51:23 INFO  | Loaded RoutePredicateFactory [Header]
25-04-25 10:51:23 INFO  | Loaded RoutePredicateFactory [Host]
25-04-25 10:51:23 INFO  | Loaded RoutePredicateFactory [Method]
25-04-25 10:51:23 INFO  | Loaded RoutePredicateFactory [Path]
25-04-25 10:51:23 INFO  | Loaded RoutePredicateFactory [Query]
25-04-25 10:51:23 INFO  | Loaded RoutePredicateFactory [ReadBody]
25-04-25 10:51:23 INFO  | Loaded RoutePredicateFactory [RemoteAddr]
25-04-25 10:51:23 INFO  | Loaded RoutePredicateFactory [XForwardedRemoteAddr]
25-04-25 10:51:23 INFO  | Loaded RoutePredicateFactory [Weight]
25-04-25 10:51:23 INFO  | Loaded RoutePredicateFactory [CloudFoundryRouteService]
25-04-25 10:51:24 INFO  | Adding discovered server localhost:27017 to client view of cluster
25-04-25 10:51:24 INFO  | Adding discovered server localhost:27018 to client view of cluster
25-04-25 10:51:24 INFO  | MongoClient with metadata {"driver": {"name": "mongo-java-driver|reactive-streams|spring-boot", "version": "5.0.1"}, "os": {"type": "Windows", "name": "Windows 10", "architecture": "amd64", "version": "10.0"}, "platform": "Java/Oracle Corporation/17+35-2724"} created with settings MongoClientSettings{readPreference=primary, writeConcern=WriteConcern{w=null, wTimeout=null ms, journal=null}, retryWrites=true, retryReads=true, readConcern=ReadConcern{level=null}, credential=null, transportSettings=NettyTransportSettings{eventLoopGroup=io.netty.channel.nio.NioEventLoopGroup@33891646, socketChannelClass=null, allocator=null, sslContext=null}, commandListeners=[], codecRegistry=ProvidersCodecRegistry{codecProviders=[ValueCodecProvider{}, BsonValueCodecProvider{}, DBRefCodecProvider{}, DBObjectCodecProvider{}, DocumentCodecProvider{}, CollectionCodecProvider{}, IterableCodecProvider{}, MapCodecProvider{}, GeoJsonCodecProvider{}, GridFSFileCodecProvider{}, Jsr310CodecProvider{}, JsonObjectCodecProvider{}, BsonCodecProvider{}, EnumCodecProvider{}, com.mongodb.client.model.mql.ExpressionCodecProvider@3bdbf8d3, com.mongodb.Jep395RecordCodecProvider@f2becb2, com.mongodb.KotlinCodecProvider@7482309c]}, loggerSettings=LoggerSettings{maxDocumentLength=1000}, clusterSettings={hosts=[localhost:27017, localhost:27018], srvServiceName=mongodb, mode=MULTIPLE, requiredClusterType=REPLICA_SET, requiredReplicaSetName='rs0', serverSelector='null', clusterListeners='[]', serverSelectionTimeout='30000 ms', localThreshold='15 ms'}, socketSettings=SocketSettings{connectTimeoutMS=10000, readTimeoutMS=0, receiveBufferSize=0, proxySettings=ProxySettings{host=null, port=null, username=null, password=null}}, heartbeatSocketSettings=SocketSettings{connectTimeoutMS=10000, readTimeoutMS=10000, receiveBufferSize=0, proxySettings=ProxySettings{host=null, port=null, username=null, password=null}}, connectionPoolSettings=ConnectionPoolSettings{maxSize=100, minSize=0, maxWaitTimeMS=120000, maxConnectionLifeTimeMS=0, maxConnectionIdleTimeMS=0, maintenanceInitialDelayMS=0, maintenanceFrequencyMS=60000, connectionPoolListeners=[], maxConnecting=2}, serverSettings=ServerSettings{heartbeatFrequencyMS=10000, minHeartbeatFrequencyMS=500, serverListeners='[]', serverMonitorListeners='[]'}, sslSettings=SslSettings{enabled=false, invalidHostNameAllowed=false, context=null}, applicationName='null', compressorList=[], uuidRepresentation=JAVA_LEGACY, serverApi=null, autoEncryptionSettings=null, dnsClient=null, inetAddressResolver=null, contextProvider=null}
25-04-25 10:51:24 INFO  | Monitor thread successfully connected to server with description ServerDescription{address=localhost:27018, type=REPLICA_SET_SECONDARY, state=CONNECTED, ok=true, minWireVersion=0, maxWireVersion=25, maxDocumentSize=16777216, logicalSessionTimeoutMinutes=30, roundTripTimeNanos=92977700, setName='rs0', canonicalAddress=localhost:27018, hosts=[localhost:27018, localhost:27017], passives=[], arbiters=[], primary='localhost:27017', tagSet=TagSet{[]}, electionId=null, setVersion=3, topologyVersion=TopologyVersion{processId=6809747db0843b8a0f4817f0, counter=4}, lastWriteDate=Fri Apr 25 10:51:16 KST 2025, lastUpdateTimeNanos=96878445192700}
25-04-25 10:51:24 INFO  | Monitor thread successfully connected to server with description ServerDescription{address=localhost:27017, type=REPLICA_SET_PRIMARY, state=CONNECTED, ok=true, minWireVersion=0, maxWireVersion=25, maxDocumentSize=16777216, logicalSessionTimeoutMinutes=30, roundTripTimeNanos=92007100, setName='rs0', canonicalAddress=localhost:27017, hosts=[localhost:27018, localhost:27017], passives=[], arbiters=[], primary='localhost:27017', tagSet=TagSet{[]}, electionId=7fffffff0000000000000058, setVersion=3, topologyVersion=TopologyVersion{processId=6809703eb84af6a5c722d0ca, counter=6}, lastWriteDate=Fri Apr 25 10:51:16 KST 2025, lastUpdateTimeNanos=96878445192800}
25-04-25 10:51:24 INFO  | Discovered replica set primary localhost:27017 with max election id 7fffffff0000000000000058 and max set version 3
25-04-25 10:51:27 INFO  | Cannot determine local hostname
25-04-25 10:51:27 INFO  | Netty started on port 80 (http)
25-04-25 10:51:29 INFO  | Cannot determine local hostname
25-04-25 10:51:30 INFO  | [AUTH] path: /api/chat/offline
25-04-25 10:51:30 WARN  | JWT 디코딩 실패: CharSequence cannot be null or empty.
25-04-25 10:51:30 INFO  | [AUTH] path: /login
25-04-25 10:51:30 INFO  | Cannot determine local hostname
25-04-25 10:51:30 INFO  | Started ChatGatewayApplication in 17.327 seconds (process running for 18.152)
25-04-25 10:51:32 INFO  | [AUTH] path: /api/chat/offline
25-04-25 10:51:32 WARN  | JWT 디코딩 실패: CharSequence cannot be null or empty.
25-04-25 10:51:32 INFO  | [AUTH] path: /login
25-04-25 10:51:33 INFO  | [AUTH] path: /api/chat/offline
25-04-25 10:51:33 WARN  | JWT 디코딩 실패: CharSequence cannot be null or empty.
25-04-25 10:51:33 INFO  | [AUTH] path: /login
25-04-25 10:51:51 INFO  | [AUTH] path: /
25-04-25 10:51:51 INFO  | [AUTH] path: /login
25-04-25 10:51:51 INFO  | [AUTH] path: /view/chatListView
25-04-25 10:52:00 INFO  | [AUTH] path: /api/chat/offline
25-04-25 10:52:00 WARN  | JWT 디코딩 실패: CharSequence cannot be null or empty.
25-04-25 10:52:00 INFO  | [AUTH] path: /login
25-04-25 10:52:09 INFO  | [AUTH] path: /api/chat/offline
25-04-25 10:52:09 WARN  | JWT 디코딩 실패: CharSequence cannot be null or empty.
25-04-25 10:52:09 INFO  | [AUTH] path: /login
25-04-25 10:52:10 INFO  | [AUTH] path: /view/chatView
25-04-25 10:52:10 WARN  | JWT 디코딩 실패: CharSequence cannot be null or empty.
25-04-25 10:52:10 INFO  | [AUTH] path: /login
25-04-25 10:52:10 INFO  | [AUTH] path: /api/chat/offline
25-04-25 10:52:10 WARN  | JWT 디코딩 실패: CharSequence cannot be null or empty.
25-04-25 10:52:10 INFO  | [AUTH] path: /login
25-04-25 10:52:12 INFO  | [AUTH] path: /login
25-04-25 10:52:14 INFO  | [AUTH] path: /
25-04-25 10:52:14 INFO  | [AUTH] path: /
25-04-25 10:52:18 INFO  | [AUTH] path: /logout
25-04-25 10:52:18 INFO  | [AUTH] path: /login
25-04-25 10:52:21 INFO  | [AUTH] path: /loginProc
25-04-25 10:52:22 INFO  | [AUTH] path: /view/chatListView
25-04-25 10:52:23 INFO  | [AUTH] path: /view/chatView
25-04-25 10:52:23 INFO  | [AUTH] path: /view/chatView
25-04-25 10:53:37 INFO  | [AUTH] path: /view/chatView
25-04-25 10:53:37 WARN  | JWT 디코딩 실패: CharSequence cannot be null or empty.
25-04-25 10:53:37 WARN  | [AUTH] accessToken/refreshToken 모두 userId 추출 실패
25-04-25 10:53:37 INFO  | [AUTH] path: /login
25-04-25 10:53:39 INFO  | [AUTH] path: /loginProc
25-04-25 10:53:39 INFO  | [AUTH] path: /view/chatListView
25-04-25 10:53:44 INFO  | [AUTH] path: /view/chatListView
25-04-25 10:53:44 WARN  | JWT 디코딩 실패: CharSequence cannot be null or empty.
25-04-25 10:53:44 WARN  | [AUTH] accessToken/refreshToken 모두 userId 추출 실패
25-04-25 10:53:44 INFO  | [AUTH] path: /login
25-04-25 10:53:45 INFO  | [AUTH] path: /loginProc
25-04-25 10:53:46 INFO  | [AUTH] path: /view/chatListView
25-04-25 10:53:49 INFO  | [AUTH] path: /view/chatView
25-04-25 10:53:49 INFO  | [AUTH] path: /view/chatView
25-04-25 10:54:02 INFO  | [AUTH] path: /view/chatListView
25-04-25 10:54:03 INFO  | [AUTH] path: /view/chatListView
25-04-25 10:54:05 INFO  | [AUTH] path: /view/chatListView
25-04-25 10:54:25 INFO  | [AUTH] path: /view/chatListView
25-04-25 10:54:36 INFO  | [AUTH] path: /view/chatListView
25-04-25 10:56:58 INFO  | [AUTH] path: /view/chatListView
25-04-25 10:57:03 INFO  | [AUTH] path: /view/chatListView
25-04-25 10:57:08 INFO  | [AUTH] path: /view/chatView
25-04-25 10:57:08 INFO  | [AUTH] path: /view/chatView
25-04-25 10:57:08 INFO  | [AUTH] path: /view/chatListView
25-04-25 10:57:16 INFO  | [AUTH] path: /view/chatView
25-04-25 10:57:16 INFO  | [AUTH] path: /view/chatView
25-04-25 10:57:30 INFO  | [AUTH] path: /view/chatListView
25-04-25 10:57:40 INFO  | [AUTH] path: /view/chatListView
25-04-25 10:57:41 INFO  | [AUTH] path: /view/chatListView
25-04-25 10:57:42 INFO  | [AUTH] path: /view/chatListView
25-04-25 10:57:43 INFO  | [AUTH] path: /view/chatListView
25-04-25 10:57:43 INFO  | [AUTH] path: /view/chatView
25-04-25 10:57:43 INFO  | [AUTH] path: /view/chatView
25-04-25 10:57:45 INFO  | [AUTH] path: /view/chatListView
25-04-25 10:57:58 INFO  | [AUTH] path: /
25-04-25 10:58:01 INFO  | [AUTH] path: /logout
25-04-25 10:58:01 INFO  | [AUTH] path: /login
25-04-25 10:58:05 INFO  | [AUTH] path: /loginProc
25-04-25 10:58:06 INFO  | [AUTH] path: /view/chatListView
25-04-25 10:58:09 INFO  | [AUTH] path: /view/friendListView
25-04-25 10:58:11 INFO  | [AUTH] path: /api/friends/chatRoom
25-04-25 10:58:11 INFO  | [AUTH] path: /view/chatView
25-04-25 10:58:11 INFO  | [AUTH] path: /view/chatView
25-04-25 10:58:12 INFO  | [AUTH] path: /view/friendListView
25-04-25 10:58:13 INFO  | [AUTH] path: /api/friends/chatRoom
25-04-25 10:58:13 INFO  | [AUTH] path: /view/chatView
25-04-25 10:58:13 INFO  | [AUTH] path: /view/chatView
25-04-25 10:58:19 INFO  | [AUTH] path: /view/chatView
25-04-25 10:58:19 INFO  | [AUTH] path: /view/chatView
25-04-25 11:00:04 INFO  | [AUTH] path: /view/chatView
25-04-25 11:00:04 WARN  | JWT 디코딩 실패: CharSequence cannot be null or empty.
25-04-25 11:00:04 WARN  | [AUTH] accessToken/refreshToken 모두 userId 추출 실패
25-04-25 11:00:04 INFO  | [AUTH] path: /login
25-04-25 11:00:06 INFO  | [AUTH] path: /loginProc
25-04-25 11:00:06 INFO  | [AUTH] path: /view/chatListView
25-04-25 11:00:07 INFO  | [AUTH] path: /view/chatView
25-04-25 11:00:07 INFO  | [AUTH] path: /view/chatView
25-04-25 11:04:33 INFO  | [AUTH] path: /view/chatListView
25-04-25 11:07:38 INFO  | [AUTH] path: /view/chatListView
25-04-25 11:07:43 INFO  | [AUTH] path: /view/chatListView
25-04-25 11:07:50 INFO  | [AUTH] path: /view/chatListView
25-04-25 11:08:16 INFO  | [AUTH] path: /view/chatListView
25-04-25 11:08:17 INFO  | [AUTH] path: /logout
25-04-25 11:08:17 INFO  | [AUTH] path: /login
25-04-25 11:08:18 INFO  | [AUTH] path: /loginProc
25-04-25 11:08:18 INFO  | [AUTH] path: /view/chatListView
25-04-25 11:08:20 INFO  | [AUTH] path: /logout
25-04-25 11:08:20 INFO  | [AUTH] path: /login
25-04-25 11:08:22 INFO  | [AUTH] path: /loginProc
25-04-25 11:08:23 INFO  | [AUTH] path: /view/chatListView
25-04-25 11:08:25 INFO  | [AUTH] path: /logout
25-04-25 11:08:25 INFO  | [AUTH] path: /login
25-04-25 11:08:26 INFO  | [AUTH] path: /loginProc
25-04-25 11:08:26 INFO  | [AUTH] path: /view/chatListView
25-04-25 11:08:46 INFO  | [AUTH] path: /view/friendListView
25-04-25 11:08:47 INFO  | [AUTH] path: /api/friends/chatRoom
25-04-25 11:08:47 INFO  | [AUTH] path: /view/chatView
25-04-25 11:08:47 INFO  | [AUTH] path: /view/chatView
25-04-25 11:08:55 INFO  | [AUTH] path: /view/chatListView
25-04-25 11:08:57 INFO  | [AUTH] path: /view/friendListView
25-04-25 11:08:59 INFO  | [AUTH] path: /api/friends/chatRoom
25-04-25 11:08:59 INFO  | [AUTH] path: /view/chatView
25-04-25 11:08:59 INFO  | [AUTH] path: /view/chatView
25-04-25 11:09:08 INFO  | [AUTH] path: /view/chatView
25-04-25 11:09:08 INFO  | [AUTH] path: /view/chatView
25-04-25 11:09:15 INFO  | [AUTH] path: /view/chatListView
25-04-25 11:09:17 INFO  | [AUTH] path: /view/chatView
25-04-25 11:09:17 INFO  | [AUTH] path: /view/chatView
25-04-25 11:09:51 INFO  | [AUTH] path: /view/chatListView
25-04-25 11:09:58 INFO  | [AUTH] path: /view/chatListView
25-04-25 11:10:01 INFO  | [AUTH] path: /view/chatView
25-04-25 11:10:01 INFO  | [AUTH] path: /view/chatView
25-04-25 11:10:03 INFO  | [AUTH] path: /view/chatListView
25-04-25 11:10:04 INFO  | [AUTH] path: /view/chatView
25-04-25 11:10:04 INFO  | [AUTH] path: /view/chatView
25-04-25 11:10:05 INFO  | [AUTH] path: /view/chatListView
25-04-25 11:16:14 INFO  | [AUTH] path: /view/chatListView
25-04-25 11:16:17 INFO  | [AUTH] path: /view/friendListView
25-04-25 11:16:19 INFO  | [AUTH] path: /api/friends/chatRoom
25-04-25 11:16:19 INFO  | [AUTH] path: /view/chatView
25-04-25 11:16:19 INFO  | [AUTH] path: /view/chatView
25-04-25 11:16:21 INFO  | [AUTH] path: /view/chatListView
25-04-25 11:16:32 INFO  | [AUTH] path: /view/chatView
25-04-25 11:16:32 INFO  | [AUTH] path: /view/chatView
25-04-25 11:20:16 INFO  | [AUTH] path: /api/chat/offline
25-04-25 11:20:16 ERROR | [a7d017c8-108]  500 Server Error for HTTP POST "/api/chat/offline"
io.netty.channel.AbstractChannel$AnnotatedConnectException: Connection refused: no further information: localhost/127.0.0.1:8081
	Suppressed: reactor.core.publisher.FluxOnAssembly$OnAssemblyException: 
Error has been observed at the following site(s):
	*__checkpoint ⇢ org.springframework.cloud.gateway.filter.WeightCalculatorWebFilter [DefaultWebFilterChain]
	*__checkpoint ⇢ HTTP POST "/api/chat/offline" [ExceptionHandlingWebHandler]
Original Stack Trace:
Caused by: java.net.ConnectException: Connection refused: no further information
	at java.base/sun.nio.ch.Net.pollConnect(Native Method)
	at java.base/sun.nio.ch.Net.pollConnectNow(Net.java:672)
	at java.base/sun.nio.ch.SocketChannelImpl.finishConnect(SocketChannelImpl.java:946)
	at io.netty.channel.socket.nio.NioSocketChannel.doFinishConnect(NioSocketChannel.java:336)
	at io.netty.channel.nio.AbstractNioChannel$AbstractNioUnsafe.finishConnect(AbstractNioChannel.java:339)
	at io.netty.channel.nio.NioEventLoop.processSelectedKey(NioEventLoop.java:776)
	at io.netty.channel.nio.NioEventLoop.processSelectedKeysOptimized(NioEventLoop.java:724)
	at io.netty.channel.nio.NioEventLoop.processSelectedKeys(NioEventLoop.java:650)
	at io.netty.channel.nio.NioEventLoop.run(NioEventLoop.java:562)
	at io.netty.util.concurrent.SingleThreadEventExecutor$4.run(SingleThreadEventExecutor.java:997)
	at io.netty.util.internal.ThreadExecutorMap$2.run(ThreadExecutorMap.java:74)
	at io.netty.util.concurrent.FastThreadLocalRunnable.run(FastThreadLocalRunnable.java:30)
	at java.base/java.lang.Thread.run(Thread.java:833)
25-04-25 11:20:18 INFO  | [AUTH] path: /api/chat/offline
25-04-25 11:20:18 ERROR | [207d05a9-109]  500 Server Error for HTTP POST "/api/chat/offline"
io.netty.channel.AbstractChannel$AnnotatedConnectException: Connection refused: no further information: localhost/127.0.0.1:8081
	Suppressed: reactor.core.publisher.FluxOnAssembly$OnAssemblyException: 
Error has been observed at the following site(s):
	*__checkpoint ⇢ org.springframework.cloud.gateway.filter.WeightCalculatorWebFilter [DefaultWebFilterChain]
	*__checkpoint ⇢ HTTP POST "/api/chat/offline" [ExceptionHandlingWebHandler]
Original Stack Trace:
Caused by: java.net.ConnectException: Connection refused: no further information
	at java.base/sun.nio.ch.Net.pollConnect(Native Method)
	at java.base/sun.nio.ch.Net.pollConnectNow(Net.java:672)
	at java.base/sun.nio.ch.SocketChannelImpl.finishConnect(SocketChannelImpl.java:946)
	at io.netty.channel.socket.nio.NioSocketChannel.doFinishConnect(NioSocketChannel.java:336)
	at io.netty.channel.nio.AbstractNioChannel$AbstractNioUnsafe.finishConnect(AbstractNioChannel.java:339)
	at io.netty.channel.nio.NioEventLoop.processSelectedKey(NioEventLoop.java:776)
	at io.netty.channel.nio.NioEventLoop.processSelectedKeysOptimized(NioEventLoop.java:724)
	at io.netty.channel.nio.NioEventLoop.processSelectedKeys(NioEventLoop.java:650)
	at io.netty.channel.nio.NioEventLoop.run(NioEventLoop.java:562)
	at io.netty.util.concurrent.SingleThreadEventExecutor$4.run(SingleThreadEventExecutor.java:997)
	at io.netty.util.internal.ThreadExecutorMap$2.run(ThreadExecutorMap.java:74)
	at io.netty.util.concurrent.FastThreadLocalRunnable.run(FastThreadLocalRunnable.java:30)
	at java.base/java.lang.Thread.run(Thread.java:833)
25-04-25 11:20:19 INFO  | [AUTH] path: /view/chatView
25-04-25 11:20:19 INFO  | [AUTH] path: /view/chatView
25-04-25 11:20:19 ERROR | [207d05a9-110]  500 Server Error for HTTP POST "/view/chatView"
io.netty.channel.AbstractChannel$AnnotatedConnectException: Connection refused: no further information: localhost/127.0.0.1:8081
	Suppressed: reactor.core.publisher.FluxOnAssembly$OnAssemblyException: 
Error has been observed at the following site(s):
	*__checkpoint ⇢ org.springframework.cloud.gateway.filter.WeightCalculatorWebFilter [DefaultWebFilterChain]
	*__checkpoint ⇢ HTTP POST "/view/chatView" [ExceptionHandlingWebHandler]
Original Stack Trace:
Caused by: java.net.ConnectException: Connection refused: no further information
	at java.base/sun.nio.ch.Net.pollConnect(Native Method)
	at java.base/sun.nio.ch.Net.pollConnectNow(Net.java:672)
	at java.base/sun.nio.ch.SocketChannelImpl.finishConnect(SocketChannelImpl.java:946)
	at io.netty.channel.socket.nio.NioSocketChannel.doFinishConnect(NioSocketChannel.java:336)
	at io.netty.channel.nio.AbstractNioChannel$AbstractNioUnsafe.finishConnect(AbstractNioChannel.java:339)
	at io.netty.channel.nio.NioEventLoop.processSelectedKey(NioEventLoop.java:776)
	at io.netty.channel.nio.NioEventLoop.processSelectedKeysOptimized(NioEventLoop.java:724)
	at io.netty.channel.nio.NioEventLoop.processSelectedKeys(NioEventLoop.java:650)
	at io.netty.channel.nio.NioEventLoop.run(NioEventLoop.java:562)
	at io.netty.util.concurrent.SingleThreadEventExecutor$4.run(SingleThreadEventExecutor.java:997)
	at io.netty.util.internal.ThreadExecutorMap$2.run(ThreadExecutorMap.java:74)
	at io.netty.util.concurrent.FastThreadLocalRunnable.run(FastThreadLocalRunnable.java:30)
	at java.base/java.lang.Thread.run(Thread.java:833)
25-04-25 11:20:19 INFO  | [AUTH] path: /api/chat/offline
25-04-25 11:20:19 ERROR | [207d05a9-111]  500 Server Error for HTTP POST "/api/chat/offline"
io.netty.channel.AbstractChannel$AnnotatedConnectException: Connection refused: no further information: localhost/127.0.0.1:8081
	Suppressed: reactor.core.publisher.FluxOnAssembly$OnAssemblyException: 
Error has been observed at the following site(s):
	*__checkpoint ⇢ org.springframework.cloud.gateway.filter.WeightCalculatorWebFilter [DefaultWebFilterChain]
	*__checkpoint ⇢ HTTP POST "/api/chat/offline" [ExceptionHandlingWebHandler]
Original Stack Trace:
Caused by: java.net.ConnectException: Connection refused: no further information
	at java.base/sun.nio.ch.Net.pollConnect(Native Method)
	at java.base/sun.nio.ch.Net.pollConnectNow(Net.java:672)
	at java.base/sun.nio.ch.SocketChannelImpl.finishConnect(SocketChannelImpl.java:946)
	at io.netty.channel.socket.nio.NioSocketChannel.doFinishConnect(NioSocketChannel.java:336)
	at io.netty.channel.nio.AbstractNioChannel$AbstractNioUnsafe.finishConnect(AbstractNioChannel.java:339)
	at io.netty.channel.nio.NioEventLoop.processSelectedKey(NioEventLoop.java:776)
	at io.netty.channel.nio.NioEventLoop.processSelectedKeysOptimized(NioEventLoop.java:724)
	at io.netty.channel.nio.NioEventLoop.processSelectedKeys(NioEventLoop.java:650)
	at io.netty.channel.nio.NioEventLoop.run(NioEventLoop.java:562)
	at io.netty.util.concurrent.SingleThreadEventExecutor$4.run(SingleThreadEventExecutor.java:997)
	at io.netty.util.internal.ThreadExecutorMap$2.run(ThreadExecutorMap.java:74)
	at io.netty.util.concurrent.FastThreadLocalRunnable.run(FastThreadLocalRunnable.java:30)
	at java.base/java.lang.Thread.run(Thread.java:833)
25-04-25 11:20:24 INFO  | [AUTH] path: /logout
25-04-25 11:20:24 INFO  | [AUTH] path: /login
25-04-25 11:20:26 INFO  | [AUTH] path: /loginProc
25-04-25 11:20:27 INFO  | [AUTH] path: /view/chatListView
25-04-25 11:20:28 INFO  | [AUTH] path: /view/chatView
25-04-25 11:20:28 INFO  | [AUTH] path: /view/chatView
25-04-25 11:20:31 INFO  | [AUTH] path: /view/chatView
25-04-25 11:20:31 INFO  | [AUTH] path: /view/chatView
25-04-25 11:20:31 INFO  | [AUTH] path: /api/chat/offline
25-04-25 11:20:47 INFO  | [AUTH] path: /view/chatListView
25-04-25 11:23:43 INFO  | [AUTH] path: /api/chat/offline
25-04-25 11:23:47 INFO  | [AUTH] path: /view/chatView
25-04-25 11:23:47 INFO  | [AUTH] path: /view/chatView
25-04-25 11:23:48 INFO  | [AUTH] path: /api/chat/offline
25-04-25 11:26:14 INFO  | [AUTH] path: /view/chatView
25-04-25 11:26:14 INFO  | [AUTH] path: /view/chatView
25-04-25 11:26:15 INFO  | [AUTH] path: /api/chat/offline
25-04-25 11:26:41 INFO  | [AUTH] path: /view/chatView
25-04-25 11:26:41 INFO  | [AUTH] path: /view/chatView
25-04-25 11:26:51 INFO  | [AUTH] path: /view/chatView
25-04-25 11:26:51 INFO  | [AUTH] path: /view/chatView
25-04-25 11:26:54 INFO  | [AUTH] path: /view/chatView
25-04-25 11:26:54 INFO  | [AUTH] path: /view/chatView
25-04-25 11:27:54 INFO  | [AUTH] path: /view/chatView
25-04-25 11:27:54 INFO  | [AUTH] path: /view/chatView
25-04-25 11:28:09 INFO  | [AUTH] path: /view/chatView
25-04-25 11:28:09 INFO  | [AUTH] path: /view/chatView
25-04-25 11:28:10 INFO  | [AUTH] path: /api/chat/offline
25-04-25 11:28:12 INFO  | [AUTH] path: /view/chatView
25-04-25 11:28:12 INFO  | [AUTH] path: /view/chatView
25-04-25 11:28:14 INFO  | [AUTH] path: /api/chat/offline
25-04-25 11:28:16 INFO  | [AUTH] path: /view/chatView
25-04-25 11:28:16 INFO  | [AUTH] path: /view/chatView
25-04-25 11:28:16 INFO  | [AUTH] path: /api/chat/offline
25-04-25 11:28:50 INFO  | [AUTH] path: /view/chatView
25-04-25 11:28:50 INFO  | [AUTH] path: /view/chatView
25-04-25 11:28:50 INFO  | [AUTH] path: /api/chat/offline
25-04-25 11:28:53 INFO  | [AUTH] path: /api/chat/offline
25-04-25 11:28:54 INFO  | [AUTH] path: /view/chatView
25-04-25 11:28:54 INFO  | [AUTH] path: /view/chatView
25-04-25 11:28:54 INFO  | [AUTH] path: /api/chat/offline
25-04-25 11:28:55 INFO  | [AUTH] path: /view/chatListView
25-04-25 11:31:46 INFO  | [AUTH] path: /view/chatView
25-04-25 11:31:46 INFO  | [AUTH] path: /view/chatView
25-04-25 11:31:46 INFO  | [AUTH] path: /api/chat/offline
25-04-25 11:31:51 INFO  | [AUTH] path: /view/chatView
25-04-25 11:31:51 INFO  | [AUTH] path: /view/chatView
25-04-25 11:31:56 INFO  | [AUTH] path: /view/chatView
25-04-25 11:31:56 INFO  | [AUTH] path: /view/chatView
25-04-25 11:31:58 INFO  | [AUTH] path: /view/chatView
25-04-25 11:31:58 INFO  | [AUTH] path: /view/chatView
25-04-25 11:32:01 INFO  | [AUTH] path: /view/chatView
25-04-25 11:32:01 INFO  | [AUTH] path: /view/chatView
25-04-25 11:32:17 INFO  | [AUTH] path: /view/chatView
25-04-25 11:32:17 INFO  | [AUTH] path: /view/chatView
25-04-25 11:32:23 INFO  | [AUTH] path: /view/chatView
25-04-25 11:32:23 INFO  | [AUTH] path: /view/chatView
25-04-25 11:34:24 INFO  | [AUTH] path: /view/chatView
25-04-25 11:34:24 INFO  | [AUTH] path: /view/chatView
25-04-25 11:34:25 INFO  | [AUTH] path: /api/chat/offline
25-04-25 11:34:27 INFO  | [AUTH] path: /api/chat/offline
25-04-25 11:34:35 INFO  | [AUTH] path: /api/chat/offline
25-04-25 11:34:36 INFO  | [AUTH] path: /view/chatView
25-04-25 11:34:36 INFO  | [AUTH] path: /view/chatView
25-04-25 11:34:36 INFO  | [AUTH] path: /api/chat/offline
25-04-25 11:34:38 INFO  | [AUTH] path: /view/chatView
25-04-25 11:34:38 INFO  | [AUTH] path: /view/chatView
25-04-25 11:34:44 INFO  | [AUTH] path: /view/chatListView
25-04-25 11:34:45 INFO  | [AUTH] path: /view/chatView
25-04-25 11:34:45 INFO  | [AUTH] path: /view/chatView
25-04-25 11:34:53 INFO  | [AUTH] path: /view/chatView
25-04-25 11:34:53 INFO  | [AUTH] path: /view/chatView
25-04-25 11:38:04 INFO  | [AUTH] path: /view/chatView
25-04-25 11:38:04 INFO  | [AUTH] path: /view/chatView
25-04-25 11:38:17 INFO  | [AUTH] path: /view/chatView
25-04-25 11:38:17 INFO  | [AUTH] path: /view/chatView
25-04-25 11:38:18 INFO  | [AUTH] path: /api/chat/offline
25-04-25 11:38:18 WARN  | JWT 디코딩 실패: JWT expired 291 milliseconds ago at 2025-04-25T02:38:18.000Z. Current time: 2025-04-25T02:38:18.291Z. Allowed clock skew: 0 milliseconds.
25-04-25 11:38:18 INFO  | [AUTH] path: /login
25-04-25 11:38:19 INFO  | [AUTH] path: /view/chatView
25-04-25 11:38:19 WARN  | JWT 디코딩 실패: CharSequence cannot be null or empty.
25-04-25 11:38:19 INFO  | [AUTH] path: /login
25-04-25 11:38:27 INFO  | [AUTH] path: /logout
25-04-25 11:38:27 INFO  | [AUTH] path: /login
25-04-25 11:38:28 INFO  | [AUTH] path: /loginProc
25-04-25 11:38:29 INFO  | [AUTH] path: /view/chatListView
25-04-25 11:38:30 INFO  | [AUTH] path: /view/chatView
25-04-25 11:38:30 INFO  | [AUTH] path: /view/chatView
25-04-25 13:08:00 INFO  | [AUTH] path: /api/chat/offline
25-04-25 13:08:00 WARN  | JWT 디코딩 실패: CharSequence cannot be null or empty.
25-04-25 13:08:00 INFO  | [AUTH] AccessToken 재발급 완료 : user1
25-04-25 13:08:00 ERROR | [1cbd4add-170] 500 Server Error for HTTP POST "/api/chat/offline"
io.netty.channel.AbstractChannel$AnnotatedConnectException: Connection refused: no further information: localhost/127.0.0.1:8081
	Suppressed: reactor.core.publisher.FluxOnAssembly$OnAssemblyException: 
Error has been observed at the following site(s):
	*__checkpoint ⇢ org.springframework.cloud.gateway.filter.WeightCalculatorWebFilter [DefaultWebFilterChain]
	*__checkpoint ⇢ HTTP POST "/api/chat/offline" [ExceptionHandlingWebHandler]
Original Stack Trace:
Caused by: java.net.ConnectException: Connection refused: no further information
	at java.base/sun.nio.ch.Net.pollConnect(Native Method)
	at java.base/sun.nio.ch.Net.pollConnectNow(Net.java:672)
	at java.base/sun.nio.ch.SocketChannelImpl.finishConnect(SocketChannelImpl.java:946)
	at io.netty.channel.socket.nio.NioSocketChannel.doFinishConnect(NioSocketChannel.java:336)
	at io.netty.channel.nio.AbstractNioChannel$AbstractNioUnsafe.finishConnect(AbstractNioChannel.java:339)
	at io.netty.channel.nio.NioEventLoop.processSelectedKey(NioEventLoop.java:776)
	at io.netty.channel.nio.NioEventLoop.processSelectedKeysOptimized(NioEventLoop.java:724)
	at io.netty.channel.nio.NioEventLoop.processSelectedKeys(NioEventLoop.java:650)
	at io.netty.channel.nio.NioEventLoop.run(NioEventLoop.java:562)
	at io.netty.util.concurrent.SingleThreadEventExecutor$4.run(SingleThreadEventExecutor.java:997)
	at io.netty.util.internal.ThreadExecutorMap$2.run(ThreadExecutorMap.java:74)
	at io.netty.util.concurrent.FastThreadLocalRunnable.run(FastThreadLocalRunnable.java:30)
	at java.base/java.lang.Thread.run(Thread.java:833)
25-04-25 13:08:13 INFO  | [AUTH] path: /view/chatView
25-04-25 13:08:13 WARN  | JWT 디코딩 실패: CharSequence cannot be null or empty.
25-04-25 13:08:13 INFO  | [AUTH] AccessToken 재발급 완료 : user1
25-04-25 13:08:13 INFO  | [AUTH] path: /view/chatView
25-04-25 13:08:13 WARN  | JWT 디코딩 실패: CharSequence cannot be null or empty.
25-04-25 13:08:13 INFO  | [AUTH] AccessToken 재발급 완료 : user1
25-04-25 13:08:14 INFO  | [AUTH] path: /login
25-04-25 13:08:14 INFO  | [AUTH] path: /view/chatListView
25-04-25 13:08:14 INFO  | [AUTH] path: /api/chat/offline
25-04-25 13:08:15 INFO  | [AUTH] path: /view/chatView
25-04-25 13:08:15 INFO  | [AUTH] path: /view/chatView
25-04-25 13:08:22 INFO  | [AUTH] path: /api/chat/offline
25-04-25 13:08:22 WARN  | JWT 디코딩 실패: CharSequence cannot be null or empty.
25-04-25 13:08:22 INFO  | [AUTH] AccessToken 재발급 완료 : user2
25-04-25 13:08:23 INFO  | [AUTH] path: /view/chatView
25-04-25 13:08:23 INFO  | [AUTH] path: /view/chatView
25-04-25 13:08:23 INFO  | [AUTH] path: /api/chat/offline
25-04-25 13:08:32 INFO  | [AUTH] path: /view/chatListView
25-04-25 13:08:37 INFO  | [AUTH] path: /view/chatView
25-04-25 13:08:37 INFO  | [AUTH] path: /view/chatView
25-04-25 13:08:43 INFO  | [AUTH] path: /view/chatListView
25-04-25 13:11:46 INFO  | [AUTH] path: /view/chatListView
25-04-25 13:11:47 INFO  | [AUTH] path: /view/chatView
25-04-25 13:11:47 INFO  | [AUTH] path: /view/chatView
25-04-25 13:11:59 INFO  | [AUTH] path: /view/chatView
25-04-25 13:11:59 INFO  | [AUTH] path: /view/chatView
25-04-25 13:11:59 INFO  | [AUTH] path: /api/chat/offline
25-04-25 13:12:44 INFO  | [AUTH] path: /api/chat/history
25-04-25 13:12:44 INFO  | [AUTH] path: /api/chat/history
25-04-25 13:12:54 INFO  | [AUTH] path: /view/chatListView
25-04-25 13:13:14 INFO  | [AUTH] path: /view/chatListView
25-04-25 13:19:19 INFO  | [AUTH] path: /view/chatView
25-04-25 13:19:19 INFO  | [AUTH] path: /view/chatView
25-04-25 13:19:20 INFO  | [AUTH] path: /api/chat/history
25-04-25 13:19:45 INFO  | [AUTH] path: /api/chat/offline
25-04-25 13:19:51 INFO  | [AUTH] path: /api/chat/offline
25-04-25 13:19:54 INFO  | [AUTH] path: /api/chat/offline
25-04-25 13:20:22 INFO  | [AUTH] path: /api/chat/history
25-04-25 13:20:22 INFO  | [AUTH] path: /api/chat/offline
25-04-25 13:20:23 INFO  | [AUTH] path: /api/chat/history
25-04-25 13:22:50 INFO  | [AUTH] path: /api/chat/offline
25-04-25 13:22:52 INFO  | [AUTH] path: /view/chatView
25-04-25 13:22:52 INFO  | [AUTH] path: /view/chatView
25-04-25 13:22:52 INFO  | [AUTH] path: /api/chat/offline
25-04-25 13:22:52 INFO  | [AUTH] path: /api/chat/history
25-04-25 13:24:02 INFO  | [AUTH] path: /view/chatView
25-04-25 13:24:02 INFO  | [AUTH] path: /view/chatView
25-04-25 13:24:02 INFO  | [AUTH] path: /api/chat/offline
25-04-25 13:24:03 INFO  | [AUTH] path: /api/chat/history
25-04-25 13:24:07 INFO  | [AUTH] path: /view/chatView
25-04-25 13:24:07 INFO  | [AUTH] path: /view/chatView
25-04-25 13:24:07 INFO  | [AUTH] path: /api/chat/history
25-04-25 13:25:19 INFO  | [AUTH] path: /view/chatView
25-04-25 13:25:19 INFO  | [AUTH] path: /view/chatView
25-04-25 13:25:19 INFO  | [AUTH] path: /api/chat/offline
25-04-25 13:25:20 INFO  | [AUTH] path: /api/chat/history
25-04-25 13:28:54 INFO  | [AUTH] path: /view/chatView
25-04-25 13:28:54 INFO  | [AUTH] path: /view/chatView
25-04-25 13:28:55 INFO  | [AUTH] path: /api/chat/offline
25-04-25 13:28:56 INFO  | [AUTH] path: /api/chat/history
25-04-25 13:29:02 INFO  | [AUTH] path: /view/friendListView
25-04-25 13:29:11 INFO  | [AUTH] path: /
25-04-25 13:29:11 INFO  | [AUTH] path: /login
25-04-25 13:29:11 INFO  | [AUTH] path: /view/chatListView
25-04-25 13:29:13 INFO  | [AUTH] path: /view/chatView
25-04-25 13:29:13 INFO  | [AUTH] path: /view/chatView
25-04-25 13:29:13 INFO  | [AUTH] path: /api/chat/history
25-04-25 13:29:42 INFO  | [AUTH] path: /view/friendListView
25-04-25 13:29:51 INFO  | [AUTH] path: /api/friends/chatRoom
25-04-25 13:29:51 INFO  | [AUTH] path: /view/chatView
25-04-25 13:29:51 INFO  | [AUTH] path: /view/chatView
25-04-25 13:29:51 INFO  | [AUTH] path: /api/chat/history
25-04-25 13:35:39 INFO  | [AUTH] path: /api/chat/history
25-04-25 13:36:10 INFO  | [AUTH] path: /view/chatView
25-04-25 13:36:10 INFO  | [AUTH] path: /view/chatView
25-04-25 13:36:10 INFO  | [AUTH] path: /api/chat/history
25-04-25 13:41:55 INFO  | [AUTH] path: /view/chatView
25-04-25 13:41:55 WARN  | JWT 디코딩 실패: CharSequence cannot be null or empty.
25-04-25 13:41:55 INFO  | [AUTH] AccessToken 재발급 완료 : user1
25-04-25 13:41:55 INFO  | [AUTH] path: /view/chatView
25-04-25 13:41:55 WARN  | JWT 디코딩 실패: CharSequence cannot be null or empty.
25-04-25 13:41:55 INFO  | [AUTH] AccessToken 재발급 완료 : user1
25-04-25 13:41:55 INFO  | [AUTH] path: /login
25-04-25 13:41:55 INFO  | [AUTH] path: /view/chatListView
25-04-25 13:41:56 INFO  | [AUTH] path: /api/chat/offline
25-04-25 13:41:57 INFO  | [AUTH] path: /view/chatView
25-04-25 13:41:57 INFO  | [AUTH] path: /view/chatView
25-04-25 13:41:58 INFO  | [AUTH] path: /api/chat/history
25-04-25 13:43:33 INFO  | [AUTH] path: /view/chatView
25-04-25 13:43:33 INFO  | [AUTH] path: /view/chatView
25-04-25 13:43:34 INFO  | [AUTH] path: /api/chat/offline
25-04-25 13:43:34 INFO  | [AUTH] path: /api/chat/history
25-04-25 13:43:39 INFO  | [AUTH] path: /api/chat/history
25-04-25 13:44:50 INFO  | [AUTH] path: /view/chatView
25-04-25 13:44:50 INFO  | [AUTH] path: /view/chatView
25-04-25 13:44:50 INFO  | [AUTH] path: /api/chat/offline
25-04-25 13:45:09 INFO  | [AUTH] path: /api/chat/offline
25-04-25 13:45:10 INFO  | [AUTH] path: /view/chatView
25-04-25 13:45:10 INFO  | [AUTH] path: /view/chatView
25-04-25 13:45:10 INFO  | [AUTH] path: /api/chat/offline
25-04-25 13:45:49 INFO  | [AUTH] path: /api/chat/history
25-04-25 13:45:50 INFO  | [AUTH] path: /api/chat/history
25-04-25 13:46:25 INFO  | [AUTH] path: /view/chatView
25-04-25 13:46:25 INFO  | [AUTH] path: /view/chatView
25-04-25 13:46:26 INFO  | [AUTH] path: /api/chat/offline
25-04-25 13:46:27 INFO  | [AUTH] path: /api/chat/history
25-04-25 13:48:53 INFO  | [AUTH] path: /view/chatListView
25-04-25 13:49:00 INFO  | [AUTH] path: /view/chatListView
25-04-25 13:49:00 WARN  | JWT 디코딩 실패: CharSequence cannot be null or empty.
25-04-25 13:49:00 INFO  | [AUTH] AccessToken 재발급 완료 : user2
25-04-25 13:49:05 INFO  | [AUTH] path: /
25-04-25 13:49:05 INFO  | [AUTH] path: /login
25-04-25 13:49:05 INFO  | [AUTH] path: /view/chatListView
25-04-25 13:49:09 INFO  | [AUTH] path: /view/chatView
25-04-25 13:49:09 INFO  | [AUTH] path: /view/chatView
25-04-25 13:49:09 INFO  | [AUTH] path: /api/chat/history
25-04-25 13:49:20 INFO  | [AUTH] path: /view/chatView
25-04-25 13:49:20 INFO  | [AUTH] path: /view/chatView
25-04-25 13:49:21 INFO  | [AUTH] path: /api/chat/history
25-04-25 13:50:17 INFO  | [AUTH] path: /view/chatView
25-04-25 13:50:17 INFO  | [AUTH] path: /view/chatView
25-04-25 13:51:17 INFO  | [AUTH] path: /view/chatListView
25-04-25 13:54:24 INFO  | [AUTH] path: /view/chatView
25-04-25 13:54:24 INFO  | [AUTH] path: /view/chatView
25-04-25 13:54:53 INFO  | [AUTH] path: /view/chatView
25-04-25 13:54:53 INFO  | [AUTH] path: /view/chatView
25-04-25 13:54:59 INFO  | [AUTH] path: /view/chatView
25-04-25 13:54:59 INFO  | [AUTH] path: /view/chatView
25-04-25 13:55:07 INFO  | [AUTH] path: /view/chatView
25-04-25 13:55:07 INFO  | [AUTH] path: /view/chatView
25-04-25 13:57:06 INFO  | [AUTH] path: /api/chat/offline
25-04-25 13:57:06 INFO  | [AUTH] path: /view/chatListView
25-04-25 13:57:08 INFO  | [AUTH] path: /api/chat/offline
25-04-25 13:57:09 INFO  | [AUTH] path: /view/chatView
25-04-25 13:57:09 INFO  | [AUTH] path: /view/chatView
25-04-25 13:57:10 INFO  | [AUTH] path: /api/chat/offline
25-04-25 13:57:11 INFO  | [AUTH] path: /view/chatListView
25-04-25 13:57:15 INFO  | [AUTH] path: /view/chatListView
25-04-25 13:57:17 INFO  | [AUTH] path: /view/friendListView
25-04-25 13:57:19 INFO  | [AUTH] path: /api/friends/chatRoom
25-04-25 13:57:19 INFO  | [AUTH] path: /view/chatView
25-04-25 13:57:19 INFO  | [AUTH] path: /view/chatView
25-04-25 13:57:22 INFO  | [AUTH] path: /view/chatView
25-04-25 13:57:22 INFO  | [AUTH] path: /view/chatView
25-04-25 13:57:23 INFO  | [AUTH] path: /view/chatListView
25-04-25 13:57:42 INFO  | [AUTH] path: /view/chatView
25-04-25 13:57:42 INFO  | [AUTH] path: /view/chatView
25-04-25 13:57:47 INFO  | [AUTH] path: /view/chatListView
25-04-25 13:58:06 INFO  | [AUTH] path: /view/friendListView
25-04-25 13:59:24 INFO  | [AUTH] path: /view/friendListView
25-04-25 13:59:28 INFO  | [AUTH] path: /view/friendListView
25-04-25 13:59:30 INFO  | [AUTH] path: /view/friendListView
25-04-25 13:59:31 INFO  | [AUTH] path: /view/friendListView
25-04-25 14:00:38 INFO  | [AUTH] path: /view/friendListView
25-04-25 14:00:43 INFO  | [AUTH] path: /view/friendListView
25-04-25 14:00:45 INFO  | [AUTH] path: /view/chatListView
25-04-25 14:00:48 INFO  | [AUTH] path: /view/friendListView
25-04-25 14:00:50 INFO  | [AUTH] path: /view/chatListView
25-04-25 14:00:51 INFO  | [AUTH] path: /view/chatView
25-04-25 14:00:51 INFO  | [AUTH] path: /view/chatView
25-04-25 14:00:52 INFO  | [AUTH] path: /view/chatView
25-04-25 14:00:52 INFO  | [AUTH] path: /view/chatView
25-04-25 14:00:55 INFO  | [AUTH] path: /api/chat/history
25-04-25 14:00:56 INFO  | [AUTH] path: /api/chat/history
25-04-25 14:00:59 INFO  | [AUTH] path: /api/chat/history
25-04-25 14:01:00 INFO  | [AUTH] path: /api/chat/history
25-04-25 14:01:01 INFO  | [AUTH] path: /view/chatListView
25-04-25 14:05:26 INFO  | [AUTH] path: /view/chatListView
25-04-25 14:05:26 INFO  | [AUTH] path: /api/chat/offline
