25-04-01 00:00:12 INFO  | Monitor thread successfully connected to server with description ServerDescription{address=localhost:27017, type=REPLICA_SET_SECONDARY, state=CONNECTED, ok=true, minWireVersion=0, maxWireVersion=25, maxDocumentSize=16777216, logicalSessionTimeoutMinutes=30, roundTripTimeNanos=3303600, setName='rs0', canonicalAddress=localhost:27017, hosts=[localhost:27018, localhost:27017], passives=[], arbiters=[], primary='null', tagSet=TagSet{[]}, electionId=null, setVersion=3, topologyVersion=TopologyVersion{processId=67ca75f6955a0ae21cfcdf5a, counter=105}, lastWriteDate=Mon Mar 31 23:22:41 KST 2025, lastUpdateTimeNanos=2111525764657700}
25-04-01 00:00:30 INFO  | Monitor thread successfully connected to server with description ServerDescription{address=localhost:27017, type=REPLICA_SET_SECONDARY, state=CONNECTED, ok=true, minWireVersion=0, maxWireVersion=25, maxDocumentSize=16777216, logicalSessionTimeoutMinutes=30, roundTripTimeNanos=3182263, setName='rs0', canonicalAddress=localhost:27017, hosts=[localhost:27018, localhost:27017], passives=[], arbiters=[], primary='localhost:27018', tagSet=TagSet{[]}, electionId=null, setVersion=3, topologyVersion=TopologyVersion{processId=67ca75f6955a0ae21cfcdf5a, counter=105}, lastWriteDate=Tue Apr 01 00:00:24 KST 2025, lastUpdateTimeNanos=2111543794002399}
25-04-01 01:00:12 INFO  | Monitor thread successfully connected to server with description ServerDescription{address=localhost:27017, type=REPLICA_SET_SECONDARY, state=CONNECTED, ok=true, minWireVersion=0, maxWireVersion=25, maxDocumentSize=16777216, logicalSessionTimeoutMinutes=30, roundTripTimeNanos=2939768, setName='rs0', canonicalAddress=localhost:27017, hosts=[localhost:27018, localhost:27017], passives=[], arbiters=[], primary='null', tagSet=TagSet{[]}, electionId=null, setVersion=3, topologyVersion=TopologyVersion{processId=67ca75f6955a0ae21cfcdf5a, counter=105}, lastWriteDate=Tue Apr 01 00:00:44 KST 2025, lastUpdateTimeNanos=2115125317733300}
25-04-01 01:00:30 INFO  | Monitor thread successfully connected to server with description ServerDescription{address=localhost:27017, type=REPLICA_SET_SECONDARY, state=CONNECTED, ok=true, minWireVersion=0, maxWireVersion=25, maxDocumentSize=16777216, logicalSessionTimeoutMinutes=30, roundTripTimeNanos=2776115, setName='rs0', canonicalAddress=localhost:27017, hosts=[localhost:27018, localhost:27017], passives=[], arbiters=[], primary='localhost:27018', tagSet=TagSet{[]}, electionId=null, setVersion=3, topologyVersion=TopologyVersion{processId=67ca75f6955a0ae21cfcdf5a, counter=105}, lastWriteDate=Tue Apr 01 01:00:22 KST 2025, lastUpdateTimeNanos=2115143081098999}
25-04-01 02:00:12 INFO  | Monitor thread successfully connected to server with description ServerDescription{address=localhost:27017, type=REPLICA_SET_SECONDARY, state=CONNECTED, ok=true, minWireVersion=0, maxWireVersion=25, maxDocumentSize=16777216, logicalSessionTimeoutMinutes=30, roundTripTimeNanos=3347512, setName='rs0', canonicalAddress=localhost:27017, hosts=[localhost:27018, localhost:27017], passives=[], arbiters=[], primary='null', tagSet=TagSet{[]}, electionId=null, setVersion=3, topologyVersion=TopologyVersion{processId=67ca75f6955a0ae21cfcdf5a, counter=105}, lastWriteDate=Tue Apr 01 01:00:52 KST 2025, lastUpdateTimeNanos=2118724969927299}
25-04-01 02:00:30 INFO  | Monitor thread successfully connected to server with description ServerDescription{address=localhost:27017, type=REPLICA_SET_SECONDARY, state=CONNECTED, ok=true, minWireVersion=0, maxWireVersion=25, maxDocumentSize=16777216, logicalSessionTimeoutMinutes=30, roundTripTimeNanos=3126183, setName='rs0', canonicalAddress=localhost:27017, hosts=[localhost:27018, localhost:27017], passives=[], arbiters=[], primary='localhost:27018', tagSet=TagSet{[]}, electionId=null, setVersion=3, topologyVersion=TopologyVersion{processId=67ca75f6955a0ae21cfcdf5a, counter=105}, lastWriteDate=Tue Apr 01 02:00:24 KST 2025, lastUpdateTimeNanos=2118743553047100}
25-04-01 02:01:07 INFO  | Monitor thread successfully connected to server with description ServerDescription{address=localhost:27017, type=REPLICA_SET_SECONDARY, state=CONNECTED, ok=true, minWireVersion=0, maxWireVersion=25, maxDocumentSize=16777216, logicalSessionTimeoutMinutes=30, roundTripTimeNanos=3071406, setName='rs0', canonicalAddress=localhost:27017, hosts=[localhost:27018, localhost:27017], passives=[], arbiters=[], primary='null', tagSet=TagSet{[]}, electionId=null, setVersion=3, topologyVersion=TopologyVersion{processId=67ca75f6955a0ae21cfcdf5a, counter=105}, lastWriteDate=Tue Apr 01 02:00:44 KST 2025, lastUpdateTimeNanos=2118780051399299}
25-04-01 02:01:10 INFO  | Monitor thread successfully connected to server with description ServerDescription{address=localhost:27017, type=REPLICA_SET_SECONDARY, state=CONNECTED, ok=true, minWireVersion=0, maxWireVersion=25, maxDocumentSize=16777216, logicalSessionTimeoutMinutes=30, roundTripTimeNanos=3071406, setName='rs0', canonicalAddress=localhost:27017, hosts=[localhost:27018, localhost:27017], passives=[], arbiters=[], primary='localhost:27018', tagSet=TagSet{[]}, electionId=null, setVersion=3, topologyVersion=TopologyVersion{processId=67ca75f6955a0ae21cfcdf5a, counter=105}, lastWriteDate=Tue Apr 01 02:00:44 KST 2025, lastUpdateTimeNanos=2118783564251500}
25-04-01 03:00:34 INFO  | Monitor thread successfully connected to server with description ServerDescription{address=localhost:27017, type=REPLICA_SET_SECONDARY, state=CONNECTED, ok=true, minWireVersion=0, maxWireVersion=25, maxDocumentSize=16777216, logicalSessionTimeoutMinutes=30, roundTripTimeNanos=2671337, setName='rs0', canonicalAddress=localhost:27017, hosts=[localhost:27018, localhost:27017], passives=[], arbiters=[], primary='null', tagSet=TagSet{[]}, electionId=null, setVersion=3, topologyVersion=TopologyVersion{processId=67ca75f6955a0ae21cfcdf5a, counter=105}, lastWriteDate=Tue Apr 01 02:01:27 KST 2025, lastUpdateTimeNanos=2122347471208400}
25-04-01 03:00:43 INFO  | Monitor thread successfully connected to server with description ServerDescription{address=localhost:27017, type=REPLICA_SET_SECONDARY, state=CONNECTED, ok=true, minWireVersion=0, maxWireVersion=25, maxDocumentSize=16777216, logicalSessionTimeoutMinutes=30, roundTripTimeNanos=2671337, setName='rs0', canonicalAddress=localhost:27017, hosts=[localhost:27018, localhost:27017], passives=[], arbiters=[], primary='localhost:27018', tagSet=TagSet{[]}, electionId=null, setVersion=3, topologyVersion=TopologyVersion{processId=67ca75f6955a0ae21cfcdf5a, counter=105}, lastWriteDate=Tue Apr 01 03:00:37 KST 2025, lastUpdateTimeNanos=2122356177938300}
25-04-01 04:00:16 INFO  | Monitor thread successfully connected to server with description ServerDescription{address=localhost:27017, type=REPLICA_SET_SECONDARY, state=CONNECTED, ok=true, minWireVersion=0, maxWireVersion=25, maxDocumentSize=16777216, logicalSessionTimeoutMinutes=30, roundTripTimeNanos=2660541, setName='rs0', canonicalAddress=localhost:27017, hosts=[localhost:27018, localhost:27017], passives=[], arbiters=[], primary='null', tagSet=TagSet{[]}, electionId=null, setVersion=3, topologyVersion=TopologyVersion{processId=67ca75f6955a0ae21cfcdf5a, counter=105}, lastWriteDate=Tue Apr 01 03:00:57 KST 2025, lastUpdateTimeNanos=2125928876360000}
25-04-01 04:00:23 INFO  | Monitor thread successfully connected to server with description ServerDescription{address=localhost:27017, type=REPLICA_SET_SECONDARY, state=CONNECTED, ok=true, minWireVersion=0, maxWireVersion=25, maxDocumentSize=16777216, logicalSessionTimeoutMinutes=30, roundTripTimeNanos=2650692, setName='rs0', canonicalAddress=localhost:27017, hosts=[localhost:27018, localhost:27017], passives=[], arbiters=[], primary='localhost:27018', tagSet=TagSet{[]}, electionId=null, setVersion=3, topologyVersion=TopologyVersion{processId=67ca75f6955a0ae21cfcdf5a, counter=105}, lastWriteDate=Tue Apr 01 03:00:57 KST 2025, lastUpdateTimeNanos=2125936676954200}
25-04-01 05:00:39 INFO  | Monitor thread successfully connected to server with description ServerDescription{address=localhost:27017, type=REPLICA_SET_SECONDARY, state=CONNECTED, ok=true, minWireVersion=0, maxWireVersion=25, maxDocumentSize=16777216, logicalSessionTimeoutMinutes=30, roundTripTimeNanos=2602902, setName='rs0', canonicalAddress=localhost:27017, hosts=[localhost:27018, localhost:27017], passives=[], arbiters=[], primary='null', tagSet=TagSet{[]}, electionId=null, setVersion=3, topologyVersion=TopologyVersion{processId=67ca75f6955a0ae21cfcdf5a, counter=105}, lastWriteDate=Tue Apr 01 04:00:36 KST 2025, lastUpdateTimeNanos=2129552634519199}
25-04-01 05:00:58 INFO  | Monitor thread successfully connected to server with description ServerDescription{address=localhost:27017, type=REPLICA_SET_SECONDARY, state=CONNECTED, ok=true, minWireVersion=0, maxWireVersion=25, maxDocumentSize=16777216, logicalSessionTimeoutMinutes=30, roundTripTimeNanos=2985956, setName='rs0', canonicalAddress=localhost:27017, hosts=[localhost:27018, localhost:27017], passives=[], arbiters=[], primary='localhost:27018', tagSet=TagSet{[]}, electionId=null, setVersion=3, topologyVersion=TopologyVersion{processId=67ca75f6955a0ae21cfcdf5a, counter=105}, lastWriteDate=Tue Apr 01 05:00:51 KST 2025, lastUpdateTimeNanos=2129571354482200}
25-04-01 06:00:25 INFO  | Monitor thread successfully connected to server with description ServerDescription{address=localhost:27017, type=REPLICA_SET_SECONDARY, state=CONNECTED, ok=true, minWireVersion=0, maxWireVersion=25, maxDocumentSize=16777216, logicalSessionTimeoutMinutes=30, roundTripTimeNanos=3050824, setName='rs0', canonicalAddress=localhost:27017, hosts=[localhost:27018, localhost:27017], passives=[], arbiters=[], primary='null', tagSet=TagSet{[]}, electionId=null, setVersion=3, topologyVersion=TopologyVersion{processId=67ca75f6955a0ae21cfcdf5a, counter=105}, lastWriteDate=Tue Apr 01 05:01:11 KST 2025, lastUpdateTimeNanos=2133138756238400}
25-04-01 06:00:43 INFO  | Monitor thread successfully connected to server with description ServerDescription{address=localhost:27017, type=REPLICA_SET_SECONDARY, state=CONNECTED, ok=true, minWireVersion=0, maxWireVersion=25, maxDocumentSize=16777216, logicalSessionTimeoutMinutes=30, roundTripTimeNanos=2984107, setName='rs0', canonicalAddress=localhost:27017, hosts=[localhost:27018, localhost:27017], passives=[], arbiters=[], primary='localhost:27018', tagSet=TagSet{[]}, electionId=null, setVersion=3, topologyVersion=TopologyVersion{processId=67ca75f6955a0ae21cfcdf5a, counter=105}, lastWriteDate=Tue Apr 01 06:00:41 KST 2025, lastUpdateTimeNanos=2133156487053800}
25-04-01 07:00:35 INFO  | Monitor thread successfully connected to server with description ServerDescription{address=localhost:27017, type=REPLICA_SET_SECONDARY, state=CONNECTED, ok=true, minWireVersion=0, maxWireVersion=25, maxDocumentSize=16777216, logicalSessionTimeoutMinutes=30, roundTripTimeNanos=2716184, setName='rs0', canonicalAddress=localhost:27017, hosts=[localhost:27018, localhost:27017], passives=[], arbiters=[], primary='null', tagSet=TagSet{[]}, electionId=null, setVersion=3, topologyVersion=TopologyVersion{processId=67ca75f6955a0ae21cfcdf5a, counter=105}, lastWriteDate=Tue Apr 01 06:01:01 KST 2025, lastUpdateTimeNanos=2136748467936900}
25-04-01 07:00:52 INFO  | Monitor thread successfully connected to server with description ServerDescription{address=localhost:27017, type=REPLICA_SET_SECONDARY, state=CONNECTED, ok=true, minWireVersion=0, maxWireVersion=25, maxDocumentSize=16777216, logicalSessionTimeoutMinutes=30, roundTripTimeNanos=2657633, setName='rs0', canonicalAddress=localhost:27017, hosts=[localhost:27018, localhost:27017], passives=[], arbiters=[], primary='localhost:27018', tagSet=TagSet{[]}, electionId=null, setVersion=3, topologyVersion=TopologyVersion{processId=67ca75f6955a0ae21cfcdf5a, counter=105}, lastWriteDate=Tue Apr 01 07:00:49 KST 2025, lastUpdateTimeNanos=2136765678794799}
25-04-01 07:55:50 INFO  | Monitor thread successfully connected to server with description ServerDescription{address=localhost:27017, type=REPLICA_SET_SECONDARY, state=CONNECTED, ok=true, minWireVersion=0, maxWireVersion=25, maxDocumentSize=16777216, logicalSessionTimeoutMinutes=30, roundTripTimeNanos=2620779, setName='rs0', canonicalAddress=localhost:27017, hosts=[localhost:27018, localhost:27017], passives=[], arbiters=[], primary='null', tagSet=TagSet{[]}, electionId=null, setVersion=3, topologyVersion=TopologyVersion{processId=67ca75f6955a0ae21cfcdf5a, counter=105}, lastWriteDate=Tue Apr 01 07:01:24 KST 2025, lastUpdateTimeNanos=2140063730334000}
25-04-01 07:56:00 INFO  | Monitor thread successfully connected to server with description ServerDescription{address=localhost:27017, type=REPLICA_SET_SECONDARY, state=CONNECTED, ok=true, minWireVersion=0, maxWireVersion=25, maxDocumentSize=16777216, logicalSessionTimeoutMinutes=30, roundTripTimeNanos=2885903, setName='rs0', canonicalAddress=localhost:27017, hosts=[localhost:27018, localhost:27017], passives=[], arbiters=[], primary='localhost:27018', tagSet=TagSet{[]}, electionId=null, setVersion=3, topologyVersion=TopologyVersion{processId=67ca75f6955a0ae21cfcdf5a, counter=105}, lastWriteDate=Tue Apr 01 07:55:58 KST 2025, lastUpdateTimeNanos=2140073540487799}
25-04-01 09:12:50 INFO  | [AUTH] path: /view/chatView
25-04-01 09:12:50 WARN  | [AUTH] AccessToken 쿠키 없음
25-04-01 09:12:52 INFO  | [AUTH] path: /view/chatView
25-04-01 09:12:52 WARN  | [AUTH] AccessToken 쿠키 없음
25-04-01 09:12:55 INFO  | [AUTH] path: /
25-04-01 09:12:55 INFO  | [AUTH] path: /login
25-04-01 09:12:57 INFO  | [AUTH] path: /loginProc
25-04-01 09:12:57 INFO  | [AUTH] path: /view/chatListView
25-04-01 09:12:59 INFO  | [AUTH] path: /api/chatList/list
25-04-01 09:13:01 INFO  | [AUTH] path: /view/chatView
25-04-01 09:13:01 INFO  | [AUTH] path: /view/chatView
25-04-01 09:15:33 INFO  | [AUTH] path: /view/chatView
25-04-01 09:15:33 INFO  | [AUTH] path: /view/chatView
25-04-01 09:15:43 INFO  | [AUTH] path: /view/chatListView
25-04-01 09:15:43 INFO  | [AUTH] path: /api/chatList/list
25-04-01 09:15:44 INFO  | [AUTH] path: /view/chatView
25-04-01 09:15:44 INFO  | [AUTH] path: /view/chatView
25-04-01 09:15:53 INFO  | [AUTH] path: /view/chatView
25-04-01 09:15:53 INFO  | [AUTH] path: /view/chatView
25-04-01 09:19:37 INFO  | HV000001: Hibernate Validator 8.0.2.Final
25-04-01 09:19:37 INFO  | Starting ChatGatewayApplication using Java 17 with PID 42072 (C:\Java\2025Space\SoketTest_split\ChatGateway\build\classes\java\main started by SMCHAE in C:\Java\2025Space\SoketTest_split\ChatGateway)
25-04-01 09:19:37 INFO  | No active profile set, falling back to 1 default profile: "default"
25-04-01 09:19:40 INFO  | Multiple Spring Data modules found, entering strict repository configuration mode
25-04-01 09:19:40 INFO  | Bootstrapping Spring Data Reactive MongoDB repositories in DEFAULT mode.
25-04-01 09:19:40 INFO  | Finished Spring Data repository scanning in 28 ms. Found 0 Reactive MongoDB repository interfaces.
25-04-01 09:19:40 INFO  | Multiple Spring Data modules found, entering strict repository configuration mode
25-04-01 09:19:40 INFO  | Bootstrapping Spring Data R2DBC repositories in DEFAULT mode.
25-04-01 09:19:40 INFO  | Finished Spring Data repository scanning in 9 ms. Found 0 R2DBC repository interfaces.
25-04-01 09:19:40 INFO  | Multiple Spring Data modules found, entering strict repository configuration mode
25-04-01 09:19:40 INFO  | Bootstrapping Spring Data Redis repositories in DEFAULT mode.
25-04-01 09:19:40 INFO  | Finished Spring Data repository scanning in 34 ms. Found 0 Redis repository interfaces.
25-04-01 09:19:40 INFO  | BeanFactory id=219a1fda-5756-30c3-8334-c2911586063e
25-04-01 09:19:44 INFO  | Cannot determine local hostname
25-04-01 09:19:45 INFO  | Loaded RoutePredicateFactory [After]
25-04-01 09:19:45 INFO  | Loaded RoutePredicateFactory [Before]
25-04-01 09:19:45 INFO  | Loaded RoutePredicateFactory [Between]
25-04-01 09:19:45 INFO  | Loaded RoutePredicateFactory [Cookie]
25-04-01 09:19:45 INFO  | Loaded RoutePredicateFactory [Header]
25-04-01 09:19:45 INFO  | Loaded RoutePredicateFactory [Host]
25-04-01 09:19:45 INFO  | Loaded RoutePredicateFactory [Method]
25-04-01 09:19:45 INFO  | Loaded RoutePredicateFactory [Path]
25-04-01 09:19:45 INFO  | Loaded RoutePredicateFactory [Query]
25-04-01 09:19:45 INFO  | Loaded RoutePredicateFactory [ReadBody]
25-04-01 09:19:45 INFO  | Loaded RoutePredicateFactory [RemoteAddr]
25-04-01 09:19:45 INFO  | Loaded RoutePredicateFactory [XForwardedRemoteAddr]
25-04-01 09:19:45 INFO  | Loaded RoutePredicateFactory [Weight]
25-04-01 09:19:45 INFO  | Loaded RoutePredicateFactory [CloudFoundryRouteService]
25-04-01 09:19:47 INFO  | Adding discovered server localhost:27017 to client view of cluster
25-04-01 09:19:47 INFO  | Adding discovered server localhost:27018 to client view of cluster
25-04-01 09:19:47 INFO  | MongoClient with metadata {"driver": {"name": "mongo-java-driver|reactive-streams|spring-boot", "version": "5.0.1"}, "os": {"type": "Windows", "name": "Windows 10", "architecture": "amd64", "version": "10.0"}, "platform": "Java/Oracle Corporation/17+35-2724"} created with settings MongoClientSettings{readPreference=primary, writeConcern=WriteConcern{w=null, wTimeout=null ms, journal=null}, retryWrites=true, retryReads=true, readConcern=ReadConcern{level=null}, credential=null, transportSettings=NettyTransportSettings{eventLoopGroup=io.netty.channel.nio.NioEventLoopGroup@57839834, socketChannelClass=null, allocator=null, sslContext=null}, commandListeners=[], codecRegistry=ProvidersCodecRegistry{codecProviders=[ValueCodecProvider{}, BsonValueCodecProvider{}, DBRefCodecProvider{}, DBObjectCodecProvider{}, DocumentCodecProvider{}, CollectionCodecProvider{}, IterableCodecProvider{}, MapCodecProvider{}, GeoJsonCodecProvider{}, GridFSFileCodecProvider{}, Jsr310CodecProvider{}, JsonObjectCodecProvider{}, BsonCodecProvider{}, EnumCodecProvider{}, com.mongodb.client.model.mql.ExpressionCodecProvider@3355b8ff, com.mongodb.Jep395RecordCodecProvider@32646ecf, com.mongodb.KotlinCodecProvider@68f9e807]}, loggerSettings=LoggerSettings{maxDocumentLength=1000}, clusterSettings={hosts=[localhost:27017, localhost:27018], srvServiceName=mongodb, mode=MULTIPLE, requiredClusterType=REPLICA_SET, requiredReplicaSetName='rs0', serverSelector='null', clusterListeners='[]', serverSelectionTimeout='30000 ms', localThreshold='15 ms'}, socketSettings=SocketSettings{connectTimeoutMS=10000, readTimeoutMS=0, receiveBufferSize=0, proxySettings=ProxySettings{host=null, port=null, username=null, password=null}}, heartbeatSocketSettings=SocketSettings{connectTimeoutMS=10000, readTimeoutMS=10000, receiveBufferSize=0, proxySettings=ProxySettings{host=null, port=null, username=null, password=null}}, connectionPoolSettings=ConnectionPoolSettings{maxSize=100, minSize=0, maxWaitTimeMS=120000, maxConnectionLifeTimeMS=0, maxConnectionIdleTimeMS=0, maintenanceInitialDelayMS=0, maintenanceFrequencyMS=60000, connectionPoolListeners=[], maxConnecting=2}, serverSettings=ServerSettings{heartbeatFrequencyMS=10000, minHeartbeatFrequencyMS=500, serverListeners='[]', serverMonitorListeners='[]'}, sslSettings=SslSettings{enabled=false, invalidHostNameAllowed=false, context=null}, applicationName='null', compressorList=[], uuidRepresentation=JAVA_LEGACY, serverApi=null, autoEncryptionSettings=null, dnsClient=null, inetAddressResolver=null, contextProvider=null}
25-04-01 09:19:48 INFO  | Monitor thread successfully connected to server with description ServerDescription{address=localhost:27018, type=REPLICA_SET_PRIMARY, state=CONNECTED, ok=true, minWireVersion=0, maxWireVersion=25, maxDocumentSize=16777216, logicalSessionTimeoutMinutes=30, roundTripTimeNanos=221510199, setName='rs0', canonicalAddress=localhost:27018, hosts=[localhost:27018, localhost:27017], passives=[], arbiters=[], primary='localhost:27018', tagSet=TagSet{[]}, electionId=7fffffff000000000000002d, setVersion=3, topologyVersion=TopologyVersion{processId=67e092e3632775f5b1fe3eec, counter=15}, lastWriteDate=Tue Apr 01 09:19:39 KST 2025, lastUpdateTimeNanos=2145100892075300}
25-04-01 09:19:48 INFO  | Monitor thread successfully connected to server with description ServerDescription{address=localhost:27017, type=REPLICA_SET_SECONDARY, state=CONNECTED, ok=true, minWireVersion=0, maxWireVersion=25, maxDocumentSize=16777216, logicalSessionTimeoutMinutes=30, roundTripTimeNanos=218825100, setName='rs0', canonicalAddress=localhost:27017, hosts=[localhost:27018, localhost:27017], passives=[], arbiters=[], primary='localhost:27018', tagSet=TagSet{[]}, electionId=null, setVersion=3, topologyVersion=TopologyVersion{processId=67ca75f6955a0ae21cfcdf5a, counter=105}, lastWriteDate=Tue Apr 01 09:19:39 KST 2025, lastUpdateTimeNanos=2145100889395900}
25-04-01 09:19:48 INFO  | Discovered replica set primary localhost:27018 with max election id 7fffffff000000000000002d and max set version 3
25-04-01 09:19:50 INFO  | Cannot determine local hostname
25-04-01 09:19:50 INFO  | Netty started on port 80 (http)
25-04-01 09:19:51 INFO  | [AUTH] path: /view/chatView
25-04-01 09:19:51 INFO  | [AUTH] path: /view/chatView
25-04-01 09:19:52 INFO  | Cannot determine local hostname
25-04-01 09:19:53 INFO  | Cannot determine local hostname
25-04-01 09:19:54 INFO  | Started ChatGatewayApplication in 19.999 seconds (process running for 21.191)
25-04-01 09:29:19 INFO  | [AUTH] path: /view/chatView
25-04-01 09:29:19 INFO  | [AUTH] path: /view/chatView
25-04-01 09:29:33 INFO  | [AUTH] path: /view/chatView
25-04-01 09:29:33 WARN  | [AUTH] AccessToken 쿠키 없음
25-04-01 09:29:38 INFO  | [AUTH] path: /
25-04-01 09:29:38 INFO  | [AUTH] path: /login
25-04-01 09:29:40 INFO  | [AUTH] path: /loginProc
25-04-01 09:29:41 INFO  | [AUTH] path: /view/chatListView
25-04-01 09:29:42 INFO  | [AUTH] path: /api/chatList/list
25-04-01 09:29:43 INFO  | [AUTH] path: /view/chatView
25-04-01 09:29:43 INFO  | [AUTH] path: /view/chatView
25-04-01 09:36:01 INFO  | [AUTH] path: /view/chatView
25-04-01 09:36:01 INFO  | [AUTH] path: /view/chatView
25-04-01 09:37:24 INFO  | [AUTH] path: /view/chatView
25-04-01 09:37:24 INFO  | [AUTH] path: /view/chatView
25-04-01 09:37:24 ERROR | [51f906c3-11]  500 Server Error for HTTP GET "/view/chatView?roomId=room1"
io.netty.channel.AbstractChannel$AnnotatedConnectException: Connection refused: no further information: localhost/127.0.0.1:8081
	Suppressed: reactor.core.publisher.FluxOnAssembly$OnAssemblyException: 
Error has been observed at the following site(s):
	*__checkpoint ⇢ org.springframework.cloud.gateway.filter.WeightCalculatorWebFilter [DefaultWebFilterChain]
	*__checkpoint ⇢ HTTP GET "/view/chatView?roomId=room1" [ExceptionHandlingWebHandler]
Original Stack Trace:
Caused by: java.net.ConnectException: Connection refused: no further information
	at java.base/sun.nio.ch.Net.pollConnect(Native Method)
	at java.base/sun.nio.ch.Net.pollConnectNow(Net.java:672)
	at java.base/sun.nio.ch.SocketChannelImpl.finishConnect(SocketChannelImpl.java:946)
	at io.netty.channel.socket.nio.NioSocketChannel.doFinishConnect(NioSocketChannel.java:336)
	at io.netty.channel.nio.AbstractNioChannel$AbstractNioUnsafe.finishConnect(AbstractNioChannel.java:339)
	at io.netty.channel.nio.NioEventLoop.processSelectedKey(NioEventLoop.java:776)
	at io.netty.channel.nio.NioEventLoop.processSelectedKeysOptimized(NioEventLoop.java:724)
	at io.netty.channel.nio.NioEventLoop.processSelectedKeys(NioEventLoop.java:650)
	at io.netty.channel.nio.NioEventLoop.run(NioEventLoop.java:562)
	at io.netty.util.concurrent.SingleThreadEventExecutor$4.run(SingleThreadEventExecutor.java:997)
	at io.netty.util.internal.ThreadExecutorMap$2.run(ThreadExecutorMap.java:74)
	at io.netty.util.concurrent.FastThreadLocalRunnable.run(FastThreadLocalRunnable.java:30)
	at java.base/java.lang.Thread.run(Thread.java:833)
25-04-01 09:37:31 INFO  | [AUTH] path: /view/chatView
25-04-01 09:37:31 INFO  | [AUTH] path: /view/chatView
25-04-01 09:37:33 INFO  | [AUTH] path: /view/chatView
25-04-01 09:37:33 INFO  | [AUTH] path: /view/chatView
25-04-01 09:40:02 INFO  | [AUTH] path: /view/chatView
25-04-01 09:40:02 INFO  | [AUTH] path: /view/chatView
25-04-01 09:42:16 INFO  | [AUTH] path: /view/chatView
25-04-01 09:42:16 INFO  | [AUTH] path: /view/chatView
25-04-01 09:42:21 INFO  | [AUTH] path: /view/chatView
25-04-01 09:42:21 INFO  | [AUTH] path: /view/chatView
25-04-01 09:42:34 INFO  | [AUTH] path: /view/chatView
25-04-01 09:42:34 INFO  | [AUTH] path: /view/chatView
25-04-01 09:42:34 INFO  | [AUTH] path: /view/chatView
25-04-01 09:42:34 INFO  | [AUTH] path: /view/chatView
25-04-01 09:42:36 INFO  | [AUTH] path: /view/chatView
25-04-01 09:42:36 INFO  | [AUTH] path: /view/chatView
25-04-01 09:42:39 INFO  | [AUTH] path: /view/chatView
25-04-01 09:42:39 INFO  | [AUTH] path: /view/chatView
25-04-01 09:42:41 INFO  | [AUTH] path: /view/chatView
25-04-01 09:42:41 INFO  | [AUTH] path: /view/chatView
25-04-01 09:45:28 INFO  | [AUTH] path: /view/chatView
25-04-01 09:45:28 WARN  | [AUTH] AccessToken 쿠키 없음
25-04-01 09:45:30 INFO  | [AUTH] path: /
25-04-01 09:45:31 INFO  | [AUTH] path: /login
25-04-01 09:45:32 INFO  | [AUTH] path: /loginProc
25-04-01 09:45:33 INFO  | [AUTH] path: /loginProc
25-04-01 09:45:34 INFO  | [AUTH] path: /view/chatListView
25-04-01 09:45:34 INFO  | [AUTH] path: /api/chatList/list
25-04-01 09:45:35 INFO  | [AUTH] path: /view/chatView
25-04-01 09:45:35 INFO  | [AUTH] path: /view/chatView
25-04-01 09:45:40 INFO  | [AUTH] path: /view/chatView
25-04-01 09:45:40 INFO  | [AUTH] path: /view/chatView
25-04-01 09:46:11 INFO  | [AUTH] path: /view/chatView
25-04-01 09:46:11 INFO  | [AUTH] path: /view/chatView
25-04-01 09:47:08 INFO  | [AUTH] path: /view/chatView
25-04-01 09:47:08 INFO  | [AUTH] path: /view/chatView
25-04-01 09:47:08 ERROR | [9de3fade-32]  500 Server Error for HTTP GET "/view/chatView?roomId=room1"
io.netty.channel.AbstractChannel$AnnotatedConnectException: Connection refused: no further information: localhost/127.0.0.1:8081
	Suppressed: reactor.core.publisher.FluxOnAssembly$OnAssemblyException: 
Error has been observed at the following site(s):
	*__checkpoint ⇢ org.springframework.cloud.gateway.filter.WeightCalculatorWebFilter [DefaultWebFilterChain]
	*__checkpoint ⇢ HTTP GET "/view/chatView?roomId=room1" [ExceptionHandlingWebHandler]
Original Stack Trace:
Caused by: java.net.ConnectException: Connection refused: no further information
	at java.base/sun.nio.ch.Net.pollConnect(Native Method)
	at java.base/sun.nio.ch.Net.pollConnectNow(Net.java:672)
	at java.base/sun.nio.ch.SocketChannelImpl.finishConnect(SocketChannelImpl.java:946)
	at io.netty.channel.socket.nio.NioSocketChannel.doFinishConnect(NioSocketChannel.java:336)
	at io.netty.channel.nio.AbstractNioChannel$AbstractNioUnsafe.finishConnect(AbstractNioChannel.java:339)
	at io.netty.channel.nio.NioEventLoop.processSelectedKey(NioEventLoop.java:776)
	at io.netty.channel.nio.NioEventLoop.processSelectedKeysOptimized(NioEventLoop.java:724)
	at io.netty.channel.nio.NioEventLoop.processSelectedKeys(NioEventLoop.java:650)
	at io.netty.channel.nio.NioEventLoop.run(NioEventLoop.java:562)
	at io.netty.util.concurrent.SingleThreadEventExecutor$4.run(SingleThreadEventExecutor.java:997)
	at io.netty.util.internal.ThreadExecutorMap$2.run(ThreadExecutorMap.java:74)
	at io.netty.util.concurrent.FastThreadLocalRunnable.run(FastThreadLocalRunnable.java:30)
	at java.base/java.lang.Thread.run(Thread.java:833)
25-04-01 09:47:14 INFO  | [AUTH] path: /view/chatView
25-04-01 09:47:14 INFO  | [AUTH] path: /view/chatView
25-04-01 09:47:21 INFO  | [AUTH] path: /view/chatView
25-04-01 09:47:21 INFO  | [AUTH] path: /view/chatView
25-04-01 09:47:32 INFO  | [AUTH] path: /view/chatListView
25-04-01 09:47:33 INFO  | [AUTH] path: /api/chatList/list
25-04-01 09:47:33 INFO  | [AUTH] path: /login
25-04-01 09:47:34 INFO  | [AUTH] path: /loginProc
25-04-01 09:47:35 INFO  | [AUTH] path: /view/chatListView
25-04-01 09:47:35 INFO  | [AUTH] path: /api/chatList/list
25-04-01 09:47:36 INFO  | [AUTH] path: /view/chatView
25-04-01 09:47:36 INFO  | [AUTH] path: /view/chatView
25-04-01 09:49:16 INFO  | [AUTH] path: /view/chatView
25-04-01 09:49:16 INFO  | [AUTH] path: /view/chatView
25-04-01 09:49:27 INFO  | [AUTH] path: /view/chatView
25-04-01 09:49:27 INFO  | [AUTH] path: /view/chatView
25-04-01 09:49:30 INFO  | [AUTH] path: /view/chatView
25-04-01 09:49:30 INFO  | [AUTH] path: /view/chatView
25-04-01 09:49:39 INFO  | [AUTH] path: /view/chatView
25-04-01 09:49:39 INFO  | [AUTH] path: /view/chatView
25-04-01 09:49:51 INFO  | [AUTH] path: /view/chatView
25-04-01 09:49:51 INFO  | [AUTH] path: /view/chatView
25-04-01 09:49:52 INFO  | [AUTH] path: /view/chatListView
25-04-01 09:49:52 INFO  | [AUTH] path: /api/chatList/list
25-04-01 09:50:04 INFO  | [AUTH] path: /view/chatView
25-04-01 09:50:04 INFO  | [AUTH] path: /view/chatView
25-04-01 09:50:07 INFO  | [AUTH] path: /view/chatView
25-04-01 09:50:07 INFO  | [AUTH] path: /view/chatView
25-04-01 09:50:26 INFO  | [AUTH] path: /view/chatView
25-04-01 09:50:26 INFO  | [AUTH] path: /view/chatView
25-04-01 09:50:27 INFO  | [AUTH] path: /view/chatView
25-04-01 09:50:27 INFO  | [AUTH] path: /view/chatView
25-04-01 09:50:29 INFO  | [AUTH] path: /view/chatView
25-04-01 09:50:29 INFO  | [AUTH] path: /view/chatView
25-04-01 09:50:40 INFO  | [AUTH] path: /view/chatView
25-04-01 09:50:40 INFO  | [AUTH] path: /view/chatView
25-04-01 09:56:30 INFO  | [AUTH] path: /view/chatView
25-04-01 09:56:30 INFO  | [AUTH] path: /view/chatView
25-04-01 10:25:49 INFO  | [AUTH] path: /view/chatView
25-04-01 10:25:49 WARN  | [AUTH] AccessToken 쿠키 없음
25-04-01 10:25:53 INFO  | [AUTH] path: /view/chatView
25-04-01 10:25:53 WARN  | [AUTH] AccessToken 쿠키 없음
25-04-01 10:25:57 INFO  | [AUTH] path: /
25-04-01 10:25:58 INFO  | [AUTH] path: /login
25-04-01 10:25:59 INFO  | [AUTH] path: /loginProc
25-04-01 10:26:01 INFO  | [AUTH] path: /view/chatListView
25-04-01 10:26:01 INFO  | [AUTH] path: /api/chatList/list
25-04-01 10:26:03 INFO  | [AUTH] path: /view/chatView
25-04-01 10:26:03 INFO  | [AUTH] path: /view/chatView
25-04-01 10:26:09 INFO  | [AUTH] path: /view/chatView
25-04-01 10:26:09 WARN  | [AUTH] AccessToken 쿠키 없음
25-04-01 10:26:10 INFO  | [AUTH] path: /view/chatView
25-04-01 10:26:10 WARN  | [AUTH] AccessToken 쿠키 없음
25-04-01 10:26:13 INFO  | [AUTH] path: /
25-04-01 10:26:13 INFO  | [AUTH] path: /login
25-04-01 10:26:16 INFO  | [AUTH] path: /loginProc
25-04-01 10:26:16 INFO  | [AUTH] path: /view/chatListView
25-04-01 10:26:16 INFO  | [AUTH] path: /api/chatList/list
25-04-01 10:26:17 INFO  | [AUTH] path: /view/chatView
25-04-01 10:26:17 INFO  | [AUTH] path: /view/chatView
25-04-01 10:26:18 INFO  | [AUTH] path: /view/chatView
25-04-01 10:26:19 INFO  | [AUTH] path: /view/chatView
25-04-01 10:26:21 INFO  | [AUTH] path: /view/chatView
25-04-01 10:26:21 INFO  | [AUTH] path: /view/chatView
25-04-01 10:26:40 INFO  | [AUTH] path: /view/chatView
25-04-01 10:26:40 INFO  | [AUTH] path: /view/chatView
25-04-01 10:27:22 INFO  | [AUTH] path: /view/chatView
25-04-01 10:27:22 INFO  | [AUTH] path: /view/chatView
25-04-01 10:27:23 INFO  | [AUTH] path: /view/chatView
25-04-01 10:27:23 INFO  | [AUTH] path: /view/chatView
25-04-01 10:27:25 INFO  | [AUTH] path: /view/chatListView
25-04-01 10:27:25 INFO  | [AUTH] path: /api/chatList/list
25-04-01 10:27:28 INFO  | [AUTH] path: /view/chatListView
25-04-01 10:27:29 INFO  | [AUTH] path: /api/chatList/list
25-04-01 10:27:30 INFO  | [AUTH] path: /view/chatView
25-04-01 10:27:30 INFO  | [AUTH] path: /view/chatView
25-04-01 10:27:32 INFO  | [AUTH] path: /view/chatView
25-04-01 10:27:32 INFO  | [AUTH] path: /view/chatView
25-04-01 10:27:37 INFO  | [AUTH] path: /view/chatView
25-04-01 10:27:37 INFO  | [AUTH] path: /view/chatView
25-04-01 10:27:39 INFO  | [AUTH] path: /view/chatListView
25-04-01 10:27:39 INFO  | [AUTH] path: /api/chatList/list
25-04-01 10:27:40 INFO  | [AUTH] path: /login
25-04-01 10:27:41 INFO  | [AUTH] path: /loginProc
25-04-01 10:27:41 INFO  | [AUTH] path: /view/chatListView
25-04-01 10:27:41 INFO  | [AUTH] path: /api/chatList/list
25-04-01 10:27:42 INFO  | [AUTH] path: /view/chatView
25-04-01 10:27:42 INFO  | [AUTH] path: /view/chatView
25-04-01 10:27:43 INFO  | [AUTH] path: /view/chatView
25-04-01 10:27:43 INFO  | [AUTH] path: /view/chatView
25-04-01 10:27:50 INFO  | [AUTH] path: /view/chatView
25-04-01 10:27:50 INFO  | [AUTH] path: /view/chatView
25-04-01 10:27:51 INFO  | [AUTH] path: /view/chatView
25-04-01 10:27:51 INFO  | [AUTH] path: /view/chatView
25-04-01 10:27:54 INFO  | [AUTH] path: /view/chatView
25-04-01 10:27:54 INFO  | [AUTH] path: /view/chatView
25-04-01 10:27:54 INFO  | [AUTH] path: /view/chatView
25-04-01 10:27:54 INFO  | [AUTH] path: /view/chatView
25-04-01 10:28:01 INFO  | [AUTH] path: /view/chatListView
25-04-01 10:28:01 INFO  | [AUTH] path: /api/chatList/list
25-04-01 10:28:02 INFO  | [AUTH] path: /view/chatView
25-04-01 10:28:02 INFO  | [AUTH] path: /view/chatView
25-04-01 10:28:05 INFO  | [AUTH] path: /view/chatView
25-04-01 10:28:05 INFO  | [AUTH] path: /view/chatView
25-04-01 10:28:12 INFO  | [AUTH] path: /view/chatListView
25-04-01 10:28:12 INFO  | [AUTH] path: /api/chatList/list
25-04-01 10:28:13 INFO  | [AUTH] path: /view/chatView
25-04-01 10:28:13 INFO  | [AUTH] path: /view/chatView
25-04-01 10:28:25 INFO  | [AUTH] path: /view/chatView
25-04-01 10:28:25 INFO  | [AUTH] path: /view/chatView
25-04-01 10:28:28 INFO  | [AUTH] path: /view/chatView
25-04-01 10:28:28 INFO  | [AUTH] path: /view/chatView
25-04-01 10:28:29 INFO  | [AUTH] path: /view/chatView
25-04-01 10:28:29 INFO  | [AUTH] path: /view/chatView
25-04-01 10:28:38 INFO  | [AUTH] path: /view/chatListView
25-04-01 10:28:38 INFO  | [AUTH] path: /api/chatList/list
25-04-01 10:28:38 INFO  | [AUTH] path: /view/chatView
25-04-01 10:28:38 INFO  | [AUTH] path: /view/chatView
25-04-01 10:28:40 INFO  | [AUTH] path: /view/chatListView
25-04-01 10:28:40 INFO  | [AUTH] path: /api/chatList/list
25-04-01 10:28:40 INFO  | [AUTH] path: /view/chatView
25-04-01 10:28:40 INFO  | [AUTH] path: /view/chatView
25-04-01 10:28:42 INFO  | [AUTH] path: /view/chatView
25-04-01 10:28:42 INFO  | [AUTH] path: /view/chatView
25-04-01 10:28:42 INFO  | [AUTH] path: /view/chatListView
25-04-01 10:28:43 INFO  | [AUTH] path: /api/chatList/list
25-04-01 10:28:43 INFO  | [AUTH] path: /view/chatView
25-04-01 10:28:43 INFO  | [AUTH] path: /view/chatView
25-04-01 10:28:45 INFO  | [AUTH] path: /view/chatListView
25-04-01 10:28:45 INFO  | [AUTH] path: /api/chatList/list
25-04-01 10:28:54 INFO  | [AUTH] path: /view/chatListView
25-04-01 10:28:55 INFO  | [AUTH] path: /api/chatList/list
25-04-01 10:29:09 INFO  | [AUTH] path: /view/chatView
25-04-01 10:29:09 INFO  | [AUTH] path: /view/chatView
25-04-01 10:29:10 INFO  | [AUTH] path: /view/chatView
25-04-01 10:29:10 INFO  | [AUTH] path: /view/chatView
25-04-01 10:29:12 INFO  | [AUTH] path: /view/chatView
25-04-01 10:29:12 INFO  | [AUTH] path: /view/chatView
25-04-01 10:29:14 INFO  | [AUTH] path: /view/chatListView
25-04-01 10:29:14 INFO  | [AUTH] path: /api/chatList/list
25-04-01 10:29:15 INFO  | [AUTH] path: /view/chatView
25-04-01 10:29:15 INFO  | [AUTH] path: /view/chatView
25-04-01 10:29:17 INFO  | [AUTH] path: /view/chatListView
25-04-01 10:29:17 INFO  | [AUTH] path: /api/chatList/list
25-04-01 10:29:18 INFO  | [AUTH] path: /view/chatView
25-04-01 10:29:18 INFO  | [AUTH] path: /view/chatView
25-04-01 10:29:19 INFO  | [AUTH] path: /view/chatListView
25-04-01 10:29:19 INFO  | [AUTH] path: /api/chatList/list
25-04-01 10:29:19 INFO  | [AUTH] path: /view/chatListView
25-04-01 10:29:19 INFO  | [AUTH] path: /api/chatList/list
25-04-01 10:29:20 INFO  | [AUTH] path: /view/chatView
25-04-01 10:29:20 INFO  | [AUTH] path: /view/chatView
25-04-01 10:29:23 INFO  | [AUTH] path: /view/chatView
25-04-01 10:29:23 INFO  | [AUTH] path: /view/chatView
25-04-01 10:29:25 INFO  | [AUTH] path: /view/chatListView
25-04-01 10:29:25 INFO  | [AUTH] path: /api/chatList/list
25-04-01 10:29:26 INFO  | [AUTH] path: /view/chatView
25-04-01 10:29:26 INFO  | [AUTH] path: /view/chatView
25-04-01 10:29:26 INFO  | [AUTH] path: /view/chatView
25-04-01 10:29:26 INFO  | [AUTH] path: /view/chatView
25-04-01 10:29:48 INFO  | [AUTH] path: /view/chatView
25-04-01 10:29:48 INFO  | [AUTH] path: /view/chatView
25-04-01 10:29:52 INFO  | [AUTH] path: /view/chatListView
25-04-01 10:29:53 INFO  | [AUTH] path: /api/chatList/list
25-04-01 10:30:10 INFO  | [AUTH] path: /view/chatListView
25-04-01 10:30:10 INFO  | [AUTH] path: /api/chatList/list
25-04-01 10:30:44 INFO  | [AUTH] path: /view/chatView
25-04-01 10:30:44 INFO  | [AUTH] path: /view/chatView
25-04-01 10:33:28 INFO  | [AUTH] path: /view/chatView
25-04-01 10:33:28 INFO  | [AUTH] path: /view/chatView
25-04-01 10:33:31 INFO  | [AUTH] path: /view/chatView
25-04-01 10:33:31 INFO  | [AUTH] path: /view/chatView
25-04-01 10:35:17 INFO  | [AUTH] path: /view/chatView
25-04-01 10:35:17 INFO  | [AUTH] path: /view/chatView
25-04-01 10:46:20 INFO  | [AUTH] path: /view/chatView
25-04-01 10:46:20 INFO  | [AUTH] path: /view/chatView
25-04-01 10:46:31 INFO  | [AUTH] path: /view/chatView
25-04-01 10:46:31 INFO  | [AUTH] path: /view/chatView
25-04-01 10:47:05 INFO  | [AUTH] path: /view/chatListView
25-04-01 10:47:05 INFO  | [AUTH] path: /api/chatList/list
25-04-01 10:47:07 INFO  | [AUTH] path: /view/chatView
25-04-01 10:47:07 INFO  | [AUTH] path: /view/chatView
25-04-01 10:47:11 INFO  | [AUTH] path: /view/chatView
25-04-01 10:47:11 INFO  | [AUTH] path: /view/chatView
25-04-01 10:47:32 INFO  | [AUTH] path: /view/chatView
25-04-01 10:47:32 INFO  | [AUTH] path: /view/chatView
25-04-01 10:47:38 INFO  | [AUTH] path: /view/chatView
25-04-01 10:47:38 INFO  | [AUTH] path: /view/chatView
25-04-01 10:47:59 INFO  | [AUTH] path: /
25-04-01 10:47:59 ERROR | [62e72a5e-156]  500 Server Error for HTTP GET "/"
io.netty.channel.AbstractChannel$AnnotatedConnectException: Connection refused: no further information: localhost/127.0.0.1:8081
	Suppressed: reactor.core.publisher.FluxOnAssembly$OnAssemblyException: 
Error has been observed at the following site(s):
	*__checkpoint ⇢ org.springframework.cloud.gateway.filter.WeightCalculatorWebFilter [DefaultWebFilterChain]
	*__checkpoint ⇢ HTTP GET "/" [ExceptionHandlingWebHandler]
Original Stack Trace:
Caused by: java.net.ConnectException: Connection refused: no further information
	at java.base/sun.nio.ch.Net.pollConnect(Native Method)
	at java.base/sun.nio.ch.Net.pollConnectNow(Net.java:672)
	at java.base/sun.nio.ch.SocketChannelImpl.finishConnect(SocketChannelImpl.java:946)
	at io.netty.channel.socket.nio.NioSocketChannel.doFinishConnect(NioSocketChannel.java:336)
	at io.netty.channel.nio.AbstractNioChannel$AbstractNioUnsafe.finishConnect(AbstractNioChannel.java:339)
	at io.netty.channel.nio.NioEventLoop.processSelectedKey(NioEventLoop.java:776)
	at io.netty.channel.nio.NioEventLoop.processSelectedKeysOptimized(NioEventLoop.java:724)
	at io.netty.channel.nio.NioEventLoop.processSelectedKeys(NioEventLoop.java:650)
	at io.netty.channel.nio.NioEventLoop.run(NioEventLoop.java:562)
	at io.netty.util.concurrent.SingleThreadEventExecutor$4.run(SingleThreadEventExecutor.java:997)
	at io.netty.util.internal.ThreadExecutorMap$2.run(ThreadExecutorMap.java:74)
	at io.netty.util.concurrent.FastThreadLocalRunnable.run(FastThreadLocalRunnable.java:30)
	at java.base/java.lang.Thread.run(Thread.java:833)
25-04-01 10:48:10 INFO  | [AUTH] path: /
25-04-01 10:48:10 INFO  | [AUTH] path: /login
25-04-01 10:48:12 INFO  | [AUTH] path: /loginProc
25-04-01 10:48:13 INFO  | [AUTH] path: /view/chatListView
25-04-01 10:48:13 INFO  | [AUTH] path: /api/chatList/list
25-04-01 10:48:14 INFO  | [AUTH] path: /view/chatView
25-04-01 10:48:14 INFO  | [AUTH] path: /view/chatView
25-04-01 10:50:30 INFO  | [AUTH] path: /view/chatView
25-04-01 10:50:30 INFO  | [AUTH] path: /view/chatView
25-04-01 10:50:34 INFO  | [AUTH] path: /view/chatView
25-04-01 10:50:34 INFO  | [AUTH] path: /view/chatView
25-04-01 10:50:36 INFO  | [AUTH] path: /view/chatView
25-04-01 10:50:36 INFO  | [AUTH] path: /view/chatView
25-04-01 10:50:37 INFO  | [AUTH] path: /view/chatView
25-04-01 10:50:37 INFO  | [AUTH] path: /view/chatView
25-04-01 10:50:37 INFO  | [AUTH] path: /view/chatView
25-04-01 10:50:37 INFO  | [AUTH] path: /view/chatView
25-04-01 10:50:37 INFO  | [AUTH] path: /view/chatView
25-04-01 10:50:37 INFO  | [AUTH] path: /view/chatView
25-04-01 10:50:39 INFO  | [AUTH] path: /view/chatListView
25-04-01 10:50:39 INFO  | [AUTH] path: /api/chatList/list
25-04-01 10:50:39 INFO  | [AUTH] path: /login
25-04-01 10:50:40 INFO  | [AUTH] path: /loginProc
25-04-01 10:50:41 INFO  | [AUTH] path: /view/chatListView
25-04-01 10:50:41 INFO  | [AUTH] path: /api/chatList/list
25-04-01 10:50:42 INFO  | [AUTH] path: /view/chatView
25-04-01 10:50:42 INFO  | [AUTH] path: /view/chatView
25-04-01 10:50:45 INFO  | [AUTH] path: /view/chatView
25-04-01 10:50:45 INFO  | [AUTH] path: /view/chatView
25-04-01 10:50:50 INFO  | [AUTH] path: /view/chatView
25-04-01 10:50:50 INFO  | [AUTH] path: /view/chatView
25-04-01 10:50:51 INFO  | [AUTH] path: /view/chatView
25-04-01 10:50:51 INFO  | [AUTH] path: /view/chatView
25-04-01 10:50:52 INFO  | [AUTH] path: /view/chatListView
25-04-01 10:50:52 INFO  | [AUTH] path: /api/chatList/list
25-04-01 10:50:52 INFO  | [AUTH] path: /login
25-04-01 10:50:53 INFO  | [AUTH] path: /view/chatView
25-04-01 10:50:53 INFO  | [AUTH] path: /view/chatView
25-04-01 10:50:54 INFO  | [AUTH] path: /login
25-04-01 10:50:56 INFO  | [AUTH] path: /loginProc
25-04-01 10:50:56 INFO  | [AUTH] path: /view/chatListView
25-04-01 10:50:56 INFO  | [AUTH] path: /api/chatList/list
25-04-01 10:50:57 INFO  | [AUTH] path: /view/chatView
25-04-01 10:50:57 INFO  | [AUTH] path: /view/chatView
25-04-01 10:51:03 INFO  | [AUTH] path: /view/chatView
25-04-01 10:51:03 INFO  | [AUTH] path: /view/chatView
25-04-01 10:51:06 INFO  | [AUTH] path: /view/chatListView
25-04-01 10:51:06 INFO  | [AUTH] path: /api/chatList/list
25-04-01 10:51:06 INFO  | [AUTH] path: /view/chatView
25-04-01 10:51:06 INFO  | [AUTH] path: /view/chatView
25-04-01 10:51:35 INFO  | [AUTH] path: /view/chatView
25-04-01 10:51:35 INFO  | [AUTH] path: /view/chatView
25-04-01 10:53:22 INFO  | [AUTH] path: /view/chatView
25-04-01 10:53:22 INFO  | [AUTH] path: /view/chatView
25-04-01 10:53:23 INFO  | [AUTH] path: /view/chatView
25-04-01 10:53:23 INFO  | [AUTH] path: /view/chatView
25-04-01 10:53:24 INFO  | [AUTH] path: /view/chatView
25-04-01 10:53:24 INFO  | [AUTH] path: /view/chatView
25-04-01 11:07:24 INFO  | [AUTH] path: /view/chatView
25-04-01 11:07:24 INFO  | [AUTH] path: /view/chatView
25-04-01 11:08:54 INFO  | [AUTH] path: /view/chatView
25-04-01 11:08:54 INFO  | [AUTH] path: /view/chatView
25-04-01 11:13:19 INFO  | [AUTH] path: /view/chatView
25-04-01 11:13:19 INFO  | [AUTH] path: /view/chatView
25-04-01 11:15:16 INFO  | [AUTH] path: /view/chatView
25-04-01 11:15:16 INFO  | [AUTH] path: /view/chatView
25-04-01 11:15:18 INFO  | [AUTH] path: /api/chat/history
25-04-01 11:15:40 INFO  | [AUTH] path: /api/chat/history
25-04-01 11:15:43 INFO  | [AUTH] path: /view/chatView
25-04-01 11:15:43 INFO  | [AUTH] path: /view/chatView
25-04-01 11:15:45 INFO  | [AUTH] path: /api/chat/history
25-04-01 11:15:45 INFO  | [AUTH] path: /api/chat/history
25-04-01 11:15:50 INFO  | [AUTH] path: /view/chatView
25-04-01 11:15:50 INFO  | [AUTH] path: /view/chatView
25-04-01 11:15:53 INFO  | [AUTH] path: /api/chat/history
25-04-01 11:15:53 INFO  | [AUTH] path: /api/chat/history
25-04-01 11:16:00 INFO  | [AUTH] path: /view/chatView
25-04-01 11:16:00 WARN  | [AUTH] AccessToken 쿠키 없음
25-04-01 11:19:52 INFO  | HV000001: Hibernate Validator 8.0.2.Final
25-04-01 11:19:52 INFO  | Starting ChatGatewayApplication using Java 17 with PID 45912 (C:\Java\2025Space\SoketTest_split\ChatGateway\build\classes\java\main started by SMCHAE in C:\Java\2025Space\SoketTest_split\ChatGateway)
25-04-01 11:19:52 INFO  | No active profile set, falling back to 1 default profile: "default"
25-04-01 11:19:53 INFO  | Multiple Spring Data modules found, entering strict repository configuration mode
25-04-01 11:19:53 INFO  | Bootstrapping Spring Data Reactive MongoDB repositories in DEFAULT mode.
25-04-01 11:19:53 INFO  | Finished Spring Data repository scanning in 31 ms. Found 0 Reactive MongoDB repository interfaces.
25-04-01 11:19:53 INFO  | Multiple Spring Data modules found, entering strict repository configuration mode
25-04-01 11:19:53 INFO  | Bootstrapping Spring Data R2DBC repositories in DEFAULT mode.
25-04-01 11:19:53 INFO  | Finished Spring Data repository scanning in 11 ms. Found 0 R2DBC repository interfaces.
25-04-01 11:19:53 INFO  | Multiple Spring Data modules found, entering strict repository configuration mode
25-04-01 11:19:53 INFO  | Bootstrapping Spring Data Redis repositories in DEFAULT mode.
25-04-01 11:19:53 INFO  | Finished Spring Data repository scanning in 11 ms. Found 0 Redis repository interfaces.
25-04-01 11:19:54 INFO  | BeanFactory id=219a1fda-5756-30c3-8334-c2911586063e
25-04-01 11:19:56 INFO  | Cannot determine local hostname
25-04-01 11:19:57 INFO  | Loaded RoutePredicateFactory [After]
25-04-01 11:19:57 INFO  | Loaded RoutePredicateFactory [Before]
25-04-01 11:19:57 INFO  | Loaded RoutePredicateFactory [Between]
25-04-01 11:19:57 INFO  | Loaded RoutePredicateFactory [Cookie]
25-04-01 11:19:57 INFO  | Loaded RoutePredicateFactory [Header]
25-04-01 11:19:57 INFO  | Loaded RoutePredicateFactory [Host]
25-04-01 11:19:57 INFO  | Loaded RoutePredicateFactory [Method]
25-04-01 11:19:57 INFO  | Loaded RoutePredicateFactory [Path]
25-04-01 11:19:57 INFO  | Loaded RoutePredicateFactory [Query]
25-04-01 11:19:57 INFO  | Loaded RoutePredicateFactory [ReadBody]
25-04-01 11:19:57 INFO  | Loaded RoutePredicateFactory [RemoteAddr]
25-04-01 11:19:57 INFO  | Loaded RoutePredicateFactory [XForwardedRemoteAddr]
25-04-01 11:19:57 INFO  | Loaded RoutePredicateFactory [Weight]
25-04-01 11:19:57 INFO  | Loaded RoutePredicateFactory [CloudFoundryRouteService]
25-04-01 11:19:58 INFO  | Adding discovered server localhost:27017 to client view of cluster
25-04-01 11:19:58 INFO  | Adding discovered server localhost:27018 to client view of cluster
25-04-01 11:19:58 INFO  | MongoClient with metadata {"driver": {"name": "mongo-java-driver|reactive-streams|spring-boot", "version": "5.0.1"}, "os": {"type": "Windows", "name": "Windows 10", "architecture": "amd64", "version": "10.0"}, "platform": "Java/Oracle Corporation/17+35-2724"} created with settings MongoClientSettings{readPreference=primary, writeConcern=WriteConcern{w=null, wTimeout=null ms, journal=null}, retryWrites=true, retryReads=true, readConcern=ReadConcern{level=null}, credential=null, transportSettings=NettyTransportSettings{eventLoopGroup=io.netty.channel.nio.NioEventLoopGroup@4e61a863, socketChannelClass=null, allocator=null, sslContext=null}, commandListeners=[], codecRegistry=ProvidersCodecRegistry{codecProviders=[ValueCodecProvider{}, BsonValueCodecProvider{}, DBRefCodecProvider{}, DBObjectCodecProvider{}, DocumentCodecProvider{}, CollectionCodecProvider{}, IterableCodecProvider{}, MapCodecProvider{}, GeoJsonCodecProvider{}, GridFSFileCodecProvider{}, Jsr310CodecProvider{}, JsonObjectCodecProvider{}, BsonCodecProvider{}, EnumCodecProvider{}, com.mongodb.client.model.mql.ExpressionCodecProvider@35f01759, com.mongodb.Jep395RecordCodecProvider@2fea9a7b, com.mongodb.KotlinCodecProvider@2aa07d80]}, loggerSettings=LoggerSettings{maxDocumentLength=1000}, clusterSettings={hosts=[localhost:27017, localhost:27018], srvServiceName=mongodb, mode=MULTIPLE, requiredClusterType=REPLICA_SET, requiredReplicaSetName='rs0', serverSelector='null', clusterListeners='[]', serverSelectionTimeout='30000 ms', localThreshold='15 ms'}, socketSettings=SocketSettings{connectTimeoutMS=10000, readTimeoutMS=0, receiveBufferSize=0, proxySettings=ProxySettings{host=null, port=null, username=null, password=null}}, heartbeatSocketSettings=SocketSettings{connectTimeoutMS=10000, readTimeoutMS=10000, receiveBufferSize=0, proxySettings=ProxySettings{host=null, port=null, username=null, password=null}}, connectionPoolSettings=ConnectionPoolSettings{maxSize=100, minSize=0, maxWaitTimeMS=120000, maxConnectionLifeTimeMS=0, maxConnectionIdleTimeMS=0, maintenanceInitialDelayMS=0, maintenanceFrequencyMS=60000, connectionPoolListeners=[], maxConnecting=2}, serverSettings=ServerSettings{heartbeatFrequencyMS=10000, minHeartbeatFrequencyMS=500, serverListeners='[]', serverMonitorListeners='[]'}, sslSettings=SslSettings{enabled=false, invalidHostNameAllowed=false, context=null}, applicationName='null', compressorList=[], uuidRepresentation=JAVA_LEGACY, serverApi=null, autoEncryptionSettings=null, dnsClient=null, inetAddressResolver=null, contextProvider=null}
25-04-01 11:19:58 INFO  | Monitor thread successfully connected to server with description ServerDescription{address=localhost:27017, type=REPLICA_SET_SECONDARY, state=CONNECTED, ok=true, minWireVersion=0, maxWireVersion=25, maxDocumentSize=16777216, logicalSessionTimeoutMinutes=30, roundTripTimeNanos=80608499, setName='rs0', canonicalAddress=localhost:27017, hosts=[localhost:27018, localhost:27017], passives=[], arbiters=[], primary='localhost:27018', tagSet=TagSet{[]}, electionId=null, setVersion=3, topologyVersion=TopologyVersion{processId=67ca75f6955a0ae21cfcdf5a, counter=105}, lastWriteDate=Tue Apr 01 11:19:49 KST 2025, lastUpdateTimeNanos=2152311317440000}
25-04-01 11:19:58 INFO  | Monitor thread successfully connected to server with description ServerDescription{address=localhost:27018, type=REPLICA_SET_PRIMARY, state=CONNECTED, ok=true, minWireVersion=0, maxWireVersion=25, maxDocumentSize=16777216, logicalSessionTimeoutMinutes=30, roundTripTimeNanos=80835399, setName='rs0', canonicalAddress=localhost:27018, hosts=[localhost:27018, localhost:27017], passives=[], arbiters=[], primary='localhost:27018', tagSet=TagSet{[]}, electionId=7fffffff000000000000002d, setVersion=3, topologyVersion=TopologyVersion{processId=67e092e3632775f5b1fe3eec, counter=15}, lastWriteDate=Tue Apr 01 11:19:49 KST 2025, lastUpdateTimeNanos=2152311317640300}
25-04-01 11:19:58 INFO  | Discovered replica set primary localhost:27018 with max election id 7fffffff000000000000002d and max set version 3
25-04-01 11:20:00 INFO  | Cannot determine local hostname
25-04-01 11:20:00 INFO  | Netty started on port 80 (http)
25-04-01 11:20:02 INFO  | Cannot determine local hostname
25-04-01 11:20:03 INFO  | Cannot determine local hostname
25-04-01 11:20:03 INFO  | Started ChatGatewayApplication in 13.802 seconds (process running for 14.487)
25-04-01 13:08:17 INFO  | [AUTH] path: /view/chatView
25-04-01 13:08:17 WARN  | [AUTH] AccessToken 쿠키 없음
25-04-01 13:08:35 INFO  | [AUTH] path: /
25-04-01 13:08:36 INFO  | [AUTH] path: /login
25-04-01 13:08:37 INFO  | [AUTH] path: /loginProc
25-04-01 13:08:38 INFO  | [AUTH] path: /view/chatListView
25-04-01 13:08:39 INFO  | [AUTH] path: /api/chatList/list
25-04-01 13:08:40 INFO  | [AUTH] path: /view/chatView
25-04-01 13:08:40 INFO  | [AUTH] path: /view/chatView
25-04-01 13:08:42 INFO  | [AUTH] path: /api/chat/history
25-04-01 13:08:42 INFO  | [AUTH] path: /api/chat/history
25-04-01 13:08:52 INFO  | [AUTH] path: /view/chatView
25-04-01 13:08:52 INFO  | [AUTH] path: /view/chatView
25-04-01 13:09:13 INFO  | [AUTH] path: /view/chatView
25-04-01 13:09:13 WARN  | [AUTH] AccessToken 쿠키 없음
25-04-01 13:14:49 INFO  | [AUTH] path: /login
25-04-01 13:14:49 ERROR | [45102435-13]  500 Server Error for HTTP GET "/login"
io.netty.channel.AbstractChannel$AnnotatedConnectException: Connection refused: no further information: localhost/127.0.0.1:8081
	Suppressed: reactor.core.publisher.FluxOnAssembly$OnAssemblyException: 
Error has been observed at the following site(s):
	*__checkpoint ⇢ org.springframework.cloud.gateway.filter.WeightCalculatorWebFilter [DefaultWebFilterChain]
	*__checkpoint ⇢ HTTP GET "/login" [ExceptionHandlingWebHandler]
Original Stack Trace:
Caused by: java.net.ConnectException: Connection refused: no further information
	at java.base/sun.nio.ch.Net.pollConnect(Native Method)
	at java.base/sun.nio.ch.Net.pollConnectNow(Net.java:672)
	at java.base/sun.nio.ch.SocketChannelImpl.finishConnect(SocketChannelImpl.java:946)
	at io.netty.channel.socket.nio.NioSocketChannel.doFinishConnect(NioSocketChannel.java:336)
	at io.netty.channel.nio.AbstractNioChannel$AbstractNioUnsafe.finishConnect(AbstractNioChannel.java:339)
	at io.netty.channel.nio.NioEventLoop.processSelectedKey(NioEventLoop.java:776)
	at io.netty.channel.nio.NioEventLoop.processSelectedKeysOptimized(NioEventLoop.java:724)
	at io.netty.channel.nio.NioEventLoop.processSelectedKeys(NioEventLoop.java:650)
	at io.netty.channel.nio.NioEventLoop.run(NioEventLoop.java:562)
	at io.netty.util.concurrent.SingleThreadEventExecutor$4.run(SingleThreadEventExecutor.java:997)
	at io.netty.util.internal.ThreadExecutorMap$2.run(ThreadExecutorMap.java:74)
	at io.netty.util.concurrent.FastThreadLocalRunnable.run(FastThreadLocalRunnable.java:30)
	at java.base/java.lang.Thread.run(Thread.java:833)
25-04-01 13:15:03 INFO  | [AUTH] path: /login
25-04-01 13:15:05 INFO  | [AUTH] path: /loginProc
25-04-01 13:15:06 INFO  | [AUTH] path: /view/chatListView
25-04-01 13:15:06 INFO  | [AUTH] path: /api/chatList/list
25-04-01 13:15:07 INFO  | [AUTH] path: /view/chatView
25-04-01 13:15:07 INFO  | [AUTH] path: /view/chatView
25-04-01 13:15:11 INFO  | [AUTH] path: /view/chatView
25-04-01 13:15:11 WARN  | [AUTH] AccessToken 쿠키 없음
25-04-01 13:15:13 INFO  | [AUTH] path: /view/chatView
25-04-01 13:15:13 WARN  | [AUTH] AccessToken 쿠키 없음
25-04-01 13:15:14 INFO  | [AUTH] path: /view/chatListView
25-04-01 13:15:14 WARN  | [AUTH] AccessToken 쿠키 없음
25-04-01 13:15:16 INFO  | [AUTH] path: /login
25-04-01 13:15:18 INFO  | [AUTH] path: /loginProc
25-04-01 13:15:18 INFO  | [AUTH] path: /view/chatListView
25-04-01 13:15:18 INFO  | [AUTH] path: /api/chatList/list
25-04-01 13:15:19 INFO  | [AUTH] path: /view/chatView
25-04-01 13:15:19 INFO  | [AUTH] path: /view/chatView
25-04-01 13:15:20 INFO  | [AUTH] path: /api/chat/history
25-04-01 13:15:20 INFO  | [AUTH] path: /api/chat/history
25-04-01 13:15:23 INFO  | [AUTH] path: /view/chatView
25-04-01 13:15:23 INFO  | [AUTH] path: /view/chatView
25-04-01 13:15:37 INFO  | [AUTH] path: /api/chat/history
25-04-01 13:15:37 INFO  | [AUTH] path: /api/chat/history
25-04-01 13:25:24 INFO  | [AUTH] path: /view/chatListView
25-04-01 13:25:24 INFO  | [AUTH] path: /api/chatList/list
25-04-01 13:25:26 INFO  | [AUTH] path: /view/chatListView
25-04-01 13:25:26 INFO  | [AUTH] path: /api/chatList/list
25-04-01 13:25:27 INFO  | [AUTH] path: /view/chatView
25-04-01 13:25:27 INFO  | [AUTH] path: /view/chatView
25-04-01 14:12:23 INFO  | HV000001: Hibernate Validator 8.0.2.Final
25-04-01 14:12:24 INFO  | Starting ChatGatewayApplication using Java 17 with PID 42420 (C:\Java\2025Space\SoketTest_split\ChatGateway\build\classes\java\main started by SMCHAE in C:\Java\2025Space\SoketTest_split\ChatGateway)
25-04-01 14:12:24 INFO  | No active profile set, falling back to 1 default profile: "default"
25-04-01 14:12:26 INFO  | Multiple Spring Data modules found, entering strict repository configuration mode
25-04-01 14:12:26 INFO  | Bootstrapping Spring Data Reactive MongoDB repositories in DEFAULT mode.
25-04-01 14:12:26 INFO  | Finished Spring Data repository scanning in 29 ms. Found 0 Reactive MongoDB repository interfaces.
25-04-01 14:12:26 INFO  | Multiple Spring Data modules found, entering strict repository configuration mode
25-04-01 14:12:26 INFO  | Bootstrapping Spring Data R2DBC repositories in DEFAULT mode.
25-04-01 14:12:26 INFO  | Finished Spring Data repository scanning in 7 ms. Found 0 R2DBC repository interfaces.
25-04-01 14:12:26 INFO  | Multiple Spring Data modules found, entering strict repository configuration mode
25-04-01 14:12:26 INFO  | Bootstrapping Spring Data Redis repositories in DEFAULT mode.
25-04-01 14:12:26 INFO  | Finished Spring Data repository scanning in 7 ms. Found 0 Redis repository interfaces.
25-04-01 14:12:26 INFO  | BeanFactory id=219a1fda-5756-30c3-8334-c2911586063e
25-04-01 14:12:29 INFO  | Cannot determine local hostname
25-04-01 14:12:30 INFO  | Loaded RoutePredicateFactory [After]
25-04-01 14:12:30 INFO  | Loaded RoutePredicateFactory [Before]
25-04-01 14:12:30 INFO  | Loaded RoutePredicateFactory [Between]
25-04-01 14:12:30 INFO  | Loaded RoutePredicateFactory [Cookie]
25-04-01 14:12:30 INFO  | Loaded RoutePredicateFactory [Header]
25-04-01 14:12:30 INFO  | Loaded RoutePredicateFactory [Host]
25-04-01 14:12:30 INFO  | Loaded RoutePredicateFactory [Method]
25-04-01 14:12:30 INFO  | Loaded RoutePredicateFactory [Path]
25-04-01 14:12:30 INFO  | Loaded RoutePredicateFactory [Query]
25-04-01 14:12:30 INFO  | Loaded RoutePredicateFactory [ReadBody]
25-04-01 14:12:30 INFO  | Loaded RoutePredicateFactory [RemoteAddr]
25-04-01 14:12:30 INFO  | Loaded RoutePredicateFactory [XForwardedRemoteAddr]
25-04-01 14:12:30 INFO  | Loaded RoutePredicateFactory [Weight]
25-04-01 14:12:30 INFO  | Loaded RoutePredicateFactory [CloudFoundryRouteService]
25-04-01 14:12:30 INFO  | Adding discovered server localhost:27017 to client view of cluster
25-04-01 14:12:30 INFO  | Adding discovered server localhost:27018 to client view of cluster
25-04-01 14:12:30 INFO  | MongoClient with metadata {"driver": {"name": "mongo-java-driver|reactive-streams|spring-boot", "version": "5.0.1"}, "os": {"type": "Windows", "name": "Windows 10", "architecture": "amd64", "version": "10.0"}, "platform": "Java/Oracle Corporation/17+35-2724"} created with settings MongoClientSettings{readPreference=primary, writeConcern=WriteConcern{w=null, wTimeout=null ms, journal=null}, retryWrites=true, retryReads=true, readConcern=ReadConcern{level=null}, credential=null, transportSettings=NettyTransportSettings{eventLoopGroup=io.netty.channel.nio.NioEventLoopGroup@27fc0217, socketChannelClass=null, allocator=null, sslContext=null}, commandListeners=[], codecRegistry=ProvidersCodecRegistry{codecProviders=[ValueCodecProvider{}, BsonValueCodecProvider{}, DBRefCodecProvider{}, DBObjectCodecProvider{}, DocumentCodecProvider{}, CollectionCodecProvider{}, IterableCodecProvider{}, MapCodecProvider{}, GeoJsonCodecProvider{}, GridFSFileCodecProvider{}, Jsr310CodecProvider{}, JsonObjectCodecProvider{}, BsonCodecProvider{}, EnumCodecProvider{}, com.mongodb.client.model.mql.ExpressionCodecProvider@e993715, com.mongodb.Jep395RecordCodecProvider@686e7513, com.mongodb.KotlinCodecProvider@47eae91d]}, loggerSettings=LoggerSettings{maxDocumentLength=1000}, clusterSettings={hosts=[localhost:27017, localhost:27018], srvServiceName=mongodb, mode=MULTIPLE, requiredClusterType=REPLICA_SET, requiredReplicaSetName='rs0', serverSelector='null', clusterListeners='[]', serverSelectionTimeout='30000 ms', localThreshold='15 ms'}, socketSettings=SocketSettings{connectTimeoutMS=10000, readTimeoutMS=0, receiveBufferSize=0, proxySettings=ProxySettings{host=null, port=null, username=null, password=null}}, heartbeatSocketSettings=SocketSettings{connectTimeoutMS=10000, readTimeoutMS=10000, receiveBufferSize=0, proxySettings=ProxySettings{host=null, port=null, username=null, password=null}}, connectionPoolSettings=ConnectionPoolSettings{maxSize=100, minSize=0, maxWaitTimeMS=120000, maxConnectionLifeTimeMS=0, maxConnectionIdleTimeMS=0, maintenanceInitialDelayMS=0, maintenanceFrequencyMS=60000, connectionPoolListeners=[], maxConnecting=2}, serverSettings=ServerSettings{heartbeatFrequencyMS=10000, minHeartbeatFrequencyMS=500, serverListeners='[]', serverMonitorListeners='[]'}, sslSettings=SslSettings{enabled=false, invalidHostNameAllowed=false, context=null}, applicationName='null', compressorList=[], uuidRepresentation=JAVA_LEGACY, serverApi=null, autoEncryptionSettings=null, dnsClient=null, inetAddressResolver=null, contextProvider=null}
25-04-01 14:12:30 INFO  | Monitor thread successfully connected to server with description ServerDescription{address=localhost:27017, type=REPLICA_SET_SECONDARY, state=CONNECTED, ok=true, minWireVersion=0, maxWireVersion=25, maxDocumentSize=16777216, logicalSessionTimeoutMinutes=30, roundTripTimeNanos=78679499, setName='rs0', canonicalAddress=localhost:27017, hosts=[localhost:27018, localhost:27017], passives=[], arbiters=[], primary='localhost:27018', tagSet=TagSet{[]}, electionId=null, setVersion=3, topologyVersion=TopologyVersion{processId=67ca75f6955a0ae21cfcdf5a, counter=105}, lastWriteDate=Tue Apr 01 14:12:30 KST 2025, lastUpdateTimeNanos=2162663817326100}
25-04-01 14:12:30 INFO  | Monitor thread successfully connected to server with description ServerDescription{address=localhost:27018, type=REPLICA_SET_PRIMARY, state=CONNECTED, ok=true, minWireVersion=0, maxWireVersion=25, maxDocumentSize=16777216, logicalSessionTimeoutMinutes=30, roundTripTimeNanos=78604200, setName='rs0', canonicalAddress=localhost:27018, hosts=[localhost:27018, localhost:27017], passives=[], arbiters=[], primary='localhost:27018', tagSet=TagSet{[]}, electionId=7fffffff000000000000002d, setVersion=3, topologyVersion=TopologyVersion{processId=67e092e3632775f5b1fe3eec, counter=15}, lastWriteDate=Tue Apr 01 14:12:30 KST 2025, lastUpdateTimeNanos=2162663817277700}
25-04-01 14:12:30 INFO  | Discovered replica set primary localhost:27018 with max election id 7fffffff000000000000002d and max set version 3
25-04-01 14:12:32 INFO  | Cannot determine local hostname
25-04-01 14:12:32 INFO  | Netty started on port 80 (http)
25-04-01 14:12:34 INFO  | Cannot determine local hostname
25-04-01 14:12:35 INFO  | Cannot determine local hostname
25-04-01 14:12:35 INFO  | Started ChatGatewayApplication in 14.533 seconds (process running for 15.355)
25-04-01 15:34:21 INFO  | HV000001: Hibernate Validator 8.0.2.Final
25-04-01 15:34:21 INFO  | Starting ChatGatewayApplication using Java 17 with PID 41792 (C:\Java\2025Space\SoketTest_split\ChatGateway\build\classes\java\main started by SMCHAE in C:\Java\2025Space\SoketTest_split\ChatGateway)
25-04-01 15:34:21 INFO  | No active profile set, falling back to 1 default profile: "default"
25-04-01 15:34:23 INFO  | Multiple Spring Data modules found, entering strict repository configuration mode
25-04-01 15:34:23 INFO  | Bootstrapping Spring Data Reactive MongoDB repositories in DEFAULT mode.
25-04-01 15:34:23 INFO  | Finished Spring Data repository scanning in 27 ms. Found 0 Reactive MongoDB repository interfaces.
25-04-01 15:34:23 INFO  | Multiple Spring Data modules found, entering strict repository configuration mode
25-04-01 15:34:23 INFO  | Bootstrapping Spring Data R2DBC repositories in DEFAULT mode.
25-04-01 15:34:23 INFO  | Finished Spring Data repository scanning in 8 ms. Found 0 R2DBC repository interfaces.
25-04-01 15:34:23 INFO  | Multiple Spring Data modules found, entering strict repository configuration mode
25-04-01 15:34:23 INFO  | Bootstrapping Spring Data Redis repositories in DEFAULT mode.
25-04-01 15:34:23 INFO  | Finished Spring Data repository scanning in 8 ms. Found 0 Redis repository interfaces.
25-04-01 15:34:23 INFO  | BeanFactory id=219a1fda-5756-30c3-8334-c2911586063e
25-04-01 15:34:26 INFO  | Cannot determine local hostname
25-04-01 15:34:26 INFO  | Loaded RoutePredicateFactory [After]
25-04-01 15:34:26 INFO  | Loaded RoutePredicateFactory [Before]
25-04-01 15:34:26 INFO  | Loaded RoutePredicateFactory [Between]
25-04-01 15:34:26 INFO  | Loaded RoutePredicateFactory [Cookie]
25-04-01 15:34:26 INFO  | Loaded RoutePredicateFactory [Header]
25-04-01 15:34:26 INFO  | Loaded RoutePredicateFactory [Host]
25-04-01 15:34:26 INFO  | Loaded RoutePredicateFactory [Method]
25-04-01 15:34:26 INFO  | Loaded RoutePredicateFactory [Path]
25-04-01 15:34:26 INFO  | Loaded RoutePredicateFactory [Query]
25-04-01 15:34:26 INFO  | Loaded RoutePredicateFactory [ReadBody]
25-04-01 15:34:26 INFO  | Loaded RoutePredicateFactory [RemoteAddr]
25-04-01 15:34:26 INFO  | Loaded RoutePredicateFactory [XForwardedRemoteAddr]
25-04-01 15:34:26 INFO  | Loaded RoutePredicateFactory [Weight]
25-04-01 15:34:26 INFO  | Loaded RoutePredicateFactory [CloudFoundryRouteService]
25-04-01 15:34:27 INFO  | Adding discovered server localhost:27017 to client view of cluster
25-04-01 15:34:27 INFO  | Adding discovered server localhost:27018 to client view of cluster
25-04-01 15:34:27 INFO  | MongoClient with metadata {"driver": {"name": "mongo-java-driver|reactive-streams|spring-boot", "version": "5.0.1"}, "os": {"type": "Windows", "name": "Windows 10", "architecture": "amd64", "version": "10.0"}, "platform": "Java/Oracle Corporation/17+35-2724"} created with settings MongoClientSettings{readPreference=primary, writeConcern=WriteConcern{w=null, wTimeout=null ms, journal=null}, retryWrites=true, retryReads=true, readConcern=ReadConcern{level=null}, credential=null, transportSettings=NettyTransportSettings{eventLoopGroup=io.netty.channel.nio.NioEventLoopGroup@413eaf5d, socketChannelClass=null, allocator=null, sslContext=null}, commandListeners=[], codecRegistry=ProvidersCodecRegistry{codecProviders=[ValueCodecProvider{}, BsonValueCodecProvider{}, DBRefCodecProvider{}, DBObjectCodecProvider{}, DocumentCodecProvider{}, CollectionCodecProvider{}, IterableCodecProvider{}, MapCodecProvider{}, GeoJsonCodecProvider{}, GridFSFileCodecProvider{}, Jsr310CodecProvider{}, JsonObjectCodecProvider{}, BsonCodecProvider{}, EnumCodecProvider{}, com.mongodb.client.model.mql.ExpressionCodecProvider@3e28af44, com.mongodb.Jep395RecordCodecProvider@33891646, com.mongodb.KotlinCodecProvider@3bdbf8d3]}, loggerSettings=LoggerSettings{maxDocumentLength=1000}, clusterSettings={hosts=[localhost:27017, localhost:27018], srvServiceName=mongodb, mode=MULTIPLE, requiredClusterType=REPLICA_SET, requiredReplicaSetName='rs0', serverSelector='null', clusterListeners='[]', serverSelectionTimeout='30000 ms', localThreshold='15 ms'}, socketSettings=SocketSettings{connectTimeoutMS=10000, readTimeoutMS=0, receiveBufferSize=0, proxySettings=ProxySettings{host=null, port=null, username=null, password=null}}, heartbeatSocketSettings=SocketSettings{connectTimeoutMS=10000, readTimeoutMS=10000, receiveBufferSize=0, proxySettings=ProxySettings{host=null, port=null, username=null, password=null}}, connectionPoolSettings=ConnectionPoolSettings{maxSize=100, minSize=0, maxWaitTimeMS=120000, maxConnectionLifeTimeMS=0, maxConnectionIdleTimeMS=0, maintenanceInitialDelayMS=0, maintenanceFrequencyMS=60000, connectionPoolListeners=[], maxConnecting=2}, serverSettings=ServerSettings{heartbeatFrequencyMS=10000, minHeartbeatFrequencyMS=500, serverListeners='[]', serverMonitorListeners='[]'}, sslSettings=SslSettings{enabled=false, invalidHostNameAllowed=false, context=null}, applicationName='null', compressorList=[], uuidRepresentation=JAVA_LEGACY, serverApi=null, autoEncryptionSettings=null, dnsClient=null, inetAddressResolver=null, contextProvider=null}
25-04-01 15:34:27 INFO  | Monitor thread successfully connected to server with description ServerDescription{address=localhost:27018, type=REPLICA_SET_PRIMARY, state=CONNECTED, ok=true, minWireVersion=0, maxWireVersion=25, maxDocumentSize=16777216, logicalSessionTimeoutMinutes=30, roundTripTimeNanos=64073100, setName='rs0', canonicalAddress=localhost:27018, hosts=[localhost:27018, localhost:27017], passives=[], arbiters=[], primary='localhost:27018', tagSet=TagSet{[]}, electionId=7fffffff000000000000002d, setVersion=3, topologyVersion=TopologyVersion{processId=67e092e3632775f5b1fe3eec, counter=15}, lastWriteDate=Tue Apr 01 15:34:21 KST 2025, lastUpdateTimeNanos=2167580422099600}
25-04-01 15:34:27 INFO  | Monitor thread successfully connected to server with description ServerDescription{address=localhost:27017, type=REPLICA_SET_SECONDARY, state=CONNECTED, ok=true, minWireVersion=0, maxWireVersion=25, maxDocumentSize=16777216, logicalSessionTimeoutMinutes=30, roundTripTimeNanos=64094699, setName='rs0', canonicalAddress=localhost:27017, hosts=[localhost:27018, localhost:27017], passives=[], arbiters=[], primary='localhost:27018', tagSet=TagSet{[]}, electionId=null, setVersion=3, topologyVersion=TopologyVersion{processId=67ca75f6955a0ae21cfcdf5a, counter=105}, lastWriteDate=Tue Apr 01 15:34:21 KST 2025, lastUpdateTimeNanos=2167580422099600}
25-04-01 15:34:27 INFO  | Discovered replica set primary localhost:27018 with max election id 7fffffff000000000000002d and max set version 3
25-04-01 15:34:29 INFO  | Cannot determine local hostname
25-04-01 15:34:29 INFO  | Netty started on port 80 (http)
25-04-01 15:34:30 INFO  | Cannot determine local hostname
25-04-01 15:34:32 INFO  | Cannot determine local hostname
25-04-01 15:34:32 INFO  | Started ChatGatewayApplication in 13.585 seconds (process running for 14.797)
25-04-01 15:43:17 INFO  | HV000001: Hibernate Validator 8.0.2.Final
25-04-01 15:43:17 INFO  | Starting ChatGatewayApplication using Java 17 with PID 35532 (C:\Java\2025Space\SoketTest_split\ChatGateway\build\classes\java\main started by SMCHAE in C:\Java\2025Space\SoketTest_split\ChatGateway)
25-04-01 15:43:17 INFO  | No active profile set, falling back to 1 default profile: "default"
25-04-01 15:43:19 INFO  | Multiple Spring Data modules found, entering strict repository configuration mode
25-04-01 15:43:19 INFO  | Bootstrapping Spring Data Reactive MongoDB repositories in DEFAULT mode.
25-04-01 15:43:19 INFO  | Finished Spring Data repository scanning in 46 ms. Found 0 Reactive MongoDB repository interfaces.
25-04-01 15:43:19 INFO  | Multiple Spring Data modules found, entering strict repository configuration mode
25-04-01 15:43:19 INFO  | Bootstrapping Spring Data R2DBC repositories in DEFAULT mode.
25-04-01 15:43:19 INFO  | Finished Spring Data repository scanning in 13 ms. Found 0 R2DBC repository interfaces.
25-04-01 15:43:19 INFO  | Multiple Spring Data modules found, entering strict repository configuration mode
25-04-01 15:43:19 INFO  | Bootstrapping Spring Data Redis repositories in DEFAULT mode.
25-04-01 15:43:19 INFO  | Finished Spring Data repository scanning in 15 ms. Found 0 Redis repository interfaces.
25-04-01 15:43:19 INFO  | BeanFactory id=219a1fda-5756-30c3-8334-c2911586063e
25-04-01 15:43:23 INFO  | Cannot determine local hostname
25-04-01 15:43:24 INFO  | Loaded RoutePredicateFactory [After]
25-04-01 15:43:24 INFO  | Loaded RoutePredicateFactory [Before]
25-04-01 15:43:24 INFO  | Loaded RoutePredicateFactory [Between]
25-04-01 15:43:24 INFO  | Loaded RoutePredicateFactory [Cookie]
25-04-01 15:43:24 INFO  | Loaded RoutePredicateFactory [Header]
25-04-01 15:43:24 INFO  | Loaded RoutePredicateFactory [Host]
25-04-01 15:43:24 INFO  | Loaded RoutePredicateFactory [Method]
25-04-01 15:43:24 INFO  | Loaded RoutePredicateFactory [Path]
25-04-01 15:43:24 INFO  | Loaded RoutePredicateFactory [Query]
25-04-01 15:43:24 INFO  | Loaded RoutePredicateFactory [ReadBody]
25-04-01 15:43:24 INFO  | Loaded RoutePredicateFactory [RemoteAddr]
25-04-01 15:43:24 INFO  | Loaded RoutePredicateFactory [XForwardedRemoteAddr]
25-04-01 15:43:24 INFO  | Loaded RoutePredicateFactory [Weight]
25-04-01 15:43:24 INFO  | Loaded RoutePredicateFactory [CloudFoundryRouteService]
25-04-01 15:43:25 INFO  | Adding discovered server localhost:27017 to client view of cluster
25-04-01 15:43:25 INFO  | Adding discovered server localhost:27018 to client view of cluster
25-04-01 15:43:25 INFO  | MongoClient with metadata {"driver": {"name": "mongo-java-driver|reactive-streams|spring-boot", "version": "5.0.1"}, "os": {"type": "Windows", "name": "Windows 10", "architecture": "amd64", "version": "10.0"}, "platform": "Java/Oracle Corporation/17+35-2724"} created with settings MongoClientSettings{readPreference=primary, writeConcern=WriteConcern{w=null, wTimeout=null ms, journal=null}, retryWrites=true, retryReads=true, readConcern=ReadConcern{level=null}, credential=null, transportSettings=NettyTransportSettings{eventLoopGroup=io.netty.channel.nio.NioEventLoopGroup@3dec79f8, socketChannelClass=null, allocator=null, sslContext=null}, commandListeners=[], codecRegistry=ProvidersCodecRegistry{codecProviders=[ValueCodecProvider{}, BsonValueCodecProvider{}, DBRefCodecProvider{}, DBObjectCodecProvider{}, DocumentCodecProvider{}, CollectionCodecProvider{}, IterableCodecProvider{}, MapCodecProvider{}, GeoJsonCodecProvider{}, GridFSFileCodecProvider{}, Jsr310CodecProvider{}, JsonObjectCodecProvider{}, BsonCodecProvider{}, EnumCodecProvider{}, com.mongodb.client.model.mql.ExpressionCodecProvider@5bf7f15f, com.mongodb.Jep395RecordCodecProvider@14b26e90, com.mongodb.KotlinCodecProvider@11309dd4]}, loggerSettings=LoggerSettings{maxDocumentLength=1000}, clusterSettings={hosts=[localhost:27017, localhost:27018], srvServiceName=mongodb, mode=MULTIPLE, requiredClusterType=REPLICA_SET, requiredReplicaSetName='rs0', serverSelector='null', clusterListeners='[]', serverSelectionTimeout='30000 ms', localThreshold='15 ms'}, socketSettings=SocketSettings{connectTimeoutMS=10000, readTimeoutMS=0, receiveBufferSize=0, proxySettings=ProxySettings{host=null, port=null, username=null, password=null}}, heartbeatSocketSettings=SocketSettings{connectTimeoutMS=10000, readTimeoutMS=10000, receiveBufferSize=0, proxySettings=ProxySettings{host=null, port=null, username=null, password=null}}, connectionPoolSettings=ConnectionPoolSettings{maxSize=100, minSize=0, maxWaitTimeMS=120000, maxConnectionLifeTimeMS=0, maxConnectionIdleTimeMS=0, maintenanceInitialDelayMS=0, maintenanceFrequencyMS=60000, connectionPoolListeners=[], maxConnecting=2}, serverSettings=ServerSettings{heartbeatFrequencyMS=10000, minHeartbeatFrequencyMS=500, serverListeners='[]', serverMonitorListeners='[]'}, sslSettings=SslSettings{enabled=false, invalidHostNameAllowed=false, context=null}, applicationName='null', compressorList=[], uuidRepresentation=JAVA_LEGACY, serverApi=null, autoEncryptionSettings=null, dnsClient=null, inetAddressResolver=null, contextProvider=null}
25-04-01 15:43:25 INFO  | Monitor thread successfully connected to server with description ServerDescription{address=localhost:27018, type=REPLICA_SET_PRIMARY, state=CONNECTED, ok=true, minWireVersion=0, maxWireVersion=25, maxDocumentSize=16777216, logicalSessionTimeoutMinutes=30, roundTripTimeNanos=145134399, setName='rs0', canonicalAddress=localhost:27018, hosts=[localhost:27018, localhost:27017], passives=[], arbiters=[], primary='localhost:27018', tagSet=TagSet{[]}, electionId=7fffffff000000000000002d, setVersion=3, topologyVersion=TopologyVersion{processId=67e092e3632775f5b1fe3eec, counter=15}, lastWriteDate=Tue Apr 01 15:43:21 KST 2025, lastUpdateTimeNanos=2168118469704600}
25-04-01 15:43:25 INFO  | Monitor thread successfully connected to server with description ServerDescription{address=localhost:27017, type=REPLICA_SET_SECONDARY, state=CONNECTED, ok=true, minWireVersion=0, maxWireVersion=25, maxDocumentSize=16777216, logicalSessionTimeoutMinutes=30, roundTripTimeNanos=148658600, setName='rs0', canonicalAddress=localhost:27017, hosts=[localhost:27018, localhost:27017], passives=[], arbiters=[], primary='localhost:27018', tagSet=TagSet{[]}, electionId=null, setVersion=3, topologyVersion=TopologyVersion{processId=67ca75f6955a0ae21cfcdf5a, counter=105}, lastWriteDate=Tue Apr 01 15:43:21 KST 2025, lastUpdateTimeNanos=2168118469122100}
25-04-01 15:43:25 INFO  | Discovered replica set primary localhost:27018 with max election id 7fffffff000000000000002d and max set version 3
25-04-01 15:43:27 INFO  | Cannot determine local hostname
25-04-01 15:43:27 INFO  | Netty started on port 80 (http)
25-04-01 15:43:29 INFO  | Cannot determine local hostname
25-04-01 15:43:30 INFO  | Cannot determine local hostname
25-04-01 15:43:30 INFO  | Started ChatGatewayApplication in 15.964 seconds (process running for 16.643)
25-04-01 15:49:39 INFO  | [AUTH] path: /view/chatView
25-04-01 15:49:39 WARN  | [AUTH] AccessToken 쿠키 없음
25-04-01 15:49:42 INFO  | [AUTH] path: /
25-04-01 15:49:43 INFO  | [AUTH] path: /login
25-04-01 15:49:44 INFO  | [AUTH] path: /loginProc
25-04-01 15:49:46 INFO  | [AUTH] path: /view/chatListView
25-04-01 15:49:47 INFO  | [AUTH] path: /api/chatList/list
25-04-01 15:55:17 INFO  | [AUTH] path: /view/chatListView
25-04-01 15:55:17 INFO  | [AUTH] path: /api/chatList/list
25-04-01 15:55:18 INFO  | [AUTH] path: /view/chatView
25-04-01 15:55:18 INFO  | [AUTH] path: /view/chatView
25-04-01 15:55:32 INFO  | [AUTH] path: /view/chatView
25-04-01 15:55:32 INFO  | [AUTH] path: /view/chatView
25-04-01 15:55:38 INFO  | [AUTH] path: /view/chatView
25-04-01 15:55:38 INFO  | [AUTH] path: /view/chatView
25-04-01 15:56:05 INFO  | [AUTH] path: /view/chatView
25-04-01 15:56:05 INFO  | [AUTH] path: /view/chatView
25-04-01 15:56:37 INFO  | [AUTH] path: /view/chatListView
25-04-01 15:56:38 INFO  | [AUTH] path: /api/chatList/list
25-04-01 16:23:04 INFO  | [AUTH] path: /view/chatListView
25-04-01 16:23:04 INFO  | [AUTH] path: /api/chatList/list
25-04-01 16:23:05 INFO  | [AUTH] path: /view/chatView
25-04-01 16:23:05 INFO  | [AUTH] path: /view/chatView
25-04-01 16:23:11 INFO  | [AUTH] path: /view/chatView
25-04-01 16:23:11 WARN  | [AUTH] AccessToken 쿠키 없음
25-04-01 16:23:14 INFO  | [AUTH] path: /view/chatView
25-04-01 16:23:14 INFO  | [AUTH] path: /view/chatView
25-04-01 16:23:16 INFO  | [AUTH] path: /view/chatView
25-04-01 16:23:16 INFO  | [AUTH] path: /view/chatView
25-04-01 16:23:17 INFO  | [AUTH] path: /view/chatView
25-04-01 16:23:17 INFO  | [AUTH] path: /view/chatView
25-04-01 16:23:21 INFO  | [AUTH] path: /view/chatView
25-04-01 16:23:21 WARN  | [AUTH] AccessToken 쿠키 없음
25-04-01 16:23:22 INFO  | [AUTH] path: /view/chatListView
25-04-01 16:23:22 WARN  | [AUTH] AccessToken 쿠키 없음
25-04-01 16:23:22 INFO  | [AUTH] path: /login
25-04-01 16:23:24 INFO  | [AUTH] path: /loginProc
25-04-01 16:23:25 INFO  | [AUTH] path: /view/chatListView
25-04-01 16:23:25 INFO  | [AUTH] path: /api/chatList/list
25-04-01 16:23:26 INFO  | [AUTH] path: /view/chatView
25-04-01 16:23:26 INFO  | [AUTH] path: /view/chatView
25-04-01 16:23:28 INFO  | [AUTH] path: /view/chatView
25-04-01 16:23:28 INFO  | [AUTH] path: /view/chatView
25-04-01 16:23:32 INFO  | [AUTH] path: /view/chatView
25-04-01 16:23:32 INFO  | [AUTH] path: /view/chatView
25-04-01 16:23:36 INFO  | [AUTH] path: /
25-04-01 16:23:36 INFO  | [AUTH] path: /login
25-04-01 16:23:37 INFO  | [AUTH] path: /loginProc
25-04-01 16:23:38 INFO  | [AUTH] path: /view/chatListView
25-04-01 16:23:38 INFO  | [AUTH] path: /api/chatList/list
25-04-01 16:23:40 INFO  | [AUTH] path: /view/chatView
25-04-01 16:23:40 INFO  | [AUTH] path: /view/chatView
25-04-01 16:24:00 INFO  | [AUTH] path: /view/chatView
25-04-01 16:24:00 INFO  | [AUTH] path: /view/chatView
25-04-01 16:24:54 INFO  | [AUTH] path: /view/chatView
25-04-01 16:24:54 INFO  | [AUTH] path: /view/chatView
25-04-01 16:47:19 INFO  | HV000001: Hibernate Validator 8.0.2.Final
25-04-01 16:47:19 INFO  | Starting ChatGatewayApplication using Java 17 with PID 43940 (C:\Java\2025Space\SoketTest_split\ChatGateway\build\classes\java\main started by SMCHAE in C:\Java\2025Space\SoketTest_split\ChatGateway)
25-04-01 16:47:19 INFO  | No active profile set, falling back to 1 default profile: "default"
25-04-01 16:47:21 INFO  | Multiple Spring Data modules found, entering strict repository configuration mode
25-04-01 16:47:21 INFO  | Bootstrapping Spring Data Reactive MongoDB repositories in DEFAULT mode.
25-04-01 16:47:21 INFO  | Finished Spring Data repository scanning in 47 ms. Found 0 Reactive MongoDB repository interfaces.
25-04-01 16:47:21 INFO  | Multiple Spring Data modules found, entering strict repository configuration mode
25-04-01 16:47:21 INFO  | Bootstrapping Spring Data R2DBC repositories in DEFAULT mode.
25-04-01 16:47:21 INFO  | Finished Spring Data repository scanning in 13 ms. Found 0 R2DBC repository interfaces.
25-04-01 16:47:21 INFO  | Multiple Spring Data modules found, entering strict repository configuration mode
25-04-01 16:47:21 INFO  | Bootstrapping Spring Data Redis repositories in DEFAULT mode.
25-04-01 16:47:21 INFO  | Finished Spring Data repository scanning in 8 ms. Found 0 Redis repository interfaces.
25-04-01 16:47:21 INFO  | BeanFactory id=219a1fda-5756-30c3-8334-c2911586063e
25-04-01 16:47:24 INFO  | Cannot determine local hostname
25-04-01 16:47:25 INFO  | Loaded RoutePredicateFactory [After]
25-04-01 16:47:25 INFO  | Loaded RoutePredicateFactory [Before]
25-04-01 16:47:25 INFO  | Loaded RoutePredicateFactory [Between]
25-04-01 16:47:25 INFO  | Loaded RoutePredicateFactory [Cookie]
25-04-01 16:47:25 INFO  | Loaded RoutePredicateFactory [Header]
25-04-01 16:47:25 INFO  | Loaded RoutePredicateFactory [Host]
25-04-01 16:47:25 INFO  | Loaded RoutePredicateFactory [Method]
25-04-01 16:47:25 INFO  | Loaded RoutePredicateFactory [Path]
25-04-01 16:47:25 INFO  | Loaded RoutePredicateFactory [Query]
25-04-01 16:47:25 INFO  | Loaded RoutePredicateFactory [ReadBody]
25-04-01 16:47:25 INFO  | Loaded RoutePredicateFactory [RemoteAddr]
25-04-01 16:47:25 INFO  | Loaded RoutePredicateFactory [XForwardedRemoteAddr]
25-04-01 16:47:25 INFO  | Loaded RoutePredicateFactory [Weight]
25-04-01 16:47:25 INFO  | Loaded RoutePredicateFactory [CloudFoundryRouteService]
25-04-01 16:47:25 INFO  | Adding discovered server localhost:27017 to client view of cluster
25-04-01 16:47:25 INFO  | Adding discovered server localhost:27018 to client view of cluster
25-04-01 16:47:25 INFO  | MongoClient with metadata {"driver": {"name": "mongo-java-driver|reactive-streams|spring-boot", "version": "5.0.1"}, "os": {"type": "Windows", "name": "Windows 10", "architecture": "amd64", "version": "10.0"}, "platform": "Java/Oracle Corporation/17+35-2724"} created with settings MongoClientSettings{readPreference=primary, writeConcern=WriteConcern{w=null, wTimeout=null ms, journal=null}, retryWrites=true, retryReads=true, readConcern=ReadConcern{level=null}, credential=null, transportSettings=NettyTransportSettings{eventLoopGroup=io.netty.channel.nio.NioEventLoopGroup@2cff5aa3, socketChannelClass=null, allocator=null, sslContext=null}, commandListeners=[], codecRegistry=ProvidersCodecRegistry{codecProviders=[ValueCodecProvider{}, BsonValueCodecProvider{}, DBRefCodecProvider{}, DBObjectCodecProvider{}, DocumentCodecProvider{}, CollectionCodecProvider{}, IterableCodecProvider{}, MapCodecProvider{}, GeoJsonCodecProvider{}, GridFSFileCodecProvider{}, Jsr310CodecProvider{}, JsonObjectCodecProvider{}, BsonCodecProvider{}, EnumCodecProvider{}, com.mongodb.client.model.mql.ExpressionCodecProvider@b6136eb, com.mongodb.Jep395RecordCodecProvider@2cce10bc, com.mongodb.KotlinCodecProvider@73234691]}, loggerSettings=LoggerSettings{maxDocumentLength=1000}, clusterSettings={hosts=[localhost:27017, localhost:27018], srvServiceName=mongodb, mode=MULTIPLE, requiredClusterType=REPLICA_SET, requiredReplicaSetName='rs0', serverSelector='null', clusterListeners='[]', serverSelectionTimeout='30000 ms', localThreshold='15 ms'}, socketSettings=SocketSettings{connectTimeoutMS=10000, readTimeoutMS=0, receiveBufferSize=0, proxySettings=ProxySettings{host=null, port=null, username=null, password=null}}, heartbeatSocketSettings=SocketSettings{connectTimeoutMS=10000, readTimeoutMS=10000, receiveBufferSize=0, proxySettings=ProxySettings{host=null, port=null, username=null, password=null}}, connectionPoolSettings=ConnectionPoolSettings{maxSize=100, minSize=0, maxWaitTimeMS=120000, maxConnectionLifeTimeMS=0, maxConnectionIdleTimeMS=0, maintenanceInitialDelayMS=0, maintenanceFrequencyMS=60000, connectionPoolListeners=[], maxConnecting=2}, serverSettings=ServerSettings{heartbeatFrequencyMS=10000, minHeartbeatFrequencyMS=500, serverListeners='[]', serverMonitorListeners='[]'}, sslSettings=SslSettings{enabled=false, invalidHostNameAllowed=false, context=null}, applicationName='null', compressorList=[], uuidRepresentation=JAVA_LEGACY, serverApi=null, autoEncryptionSettings=null, dnsClient=null, inetAddressResolver=null, contextProvider=null}
25-04-01 16:47:26 INFO  | Monitor thread successfully connected to server with description ServerDescription{address=localhost:27018, type=REPLICA_SET_PRIMARY, state=CONNECTED, ok=true, minWireVersion=0, maxWireVersion=25, maxDocumentSize=16777216, logicalSessionTimeoutMinutes=30, roundTripTimeNanos=72549800, setName='rs0', canonicalAddress=localhost:27018, hosts=[localhost:27018, localhost:27017], passives=[], arbiters=[], primary='localhost:27018', tagSet=TagSet{[]}, electionId=7fffffff000000000000002d, setVersion=3, topologyVersion=TopologyVersion{processId=67e092e3632775f5b1fe3eec, counter=15}, lastWriteDate=Tue Apr 01 16:47:21 KST 2025, lastUpdateTimeNanos=2171958956083899}
25-04-01 16:47:26 INFO  | Monitor thread successfully connected to server with description ServerDescription{address=localhost:27017, type=REPLICA_SET_SECONDARY, state=CONNECTED, ok=true, minWireVersion=0, maxWireVersion=25, maxDocumentSize=16777216, logicalSessionTimeoutMinutes=30, roundTripTimeNanos=72554800, setName='rs0', canonicalAddress=localhost:27017, hosts=[localhost:27018, localhost:27017], passives=[], arbiters=[], primary='localhost:27018', tagSet=TagSet{[]}, electionId=null, setVersion=3, topologyVersion=TopologyVersion{processId=67ca75f6955a0ae21cfcdf5a, counter=105}, lastWriteDate=Tue Apr 01 16:47:21 KST 2025, lastUpdateTimeNanos=2171958956083899}
25-04-01 16:47:26 INFO  | Discovered replica set primary localhost:27018 with max election id 7fffffff000000000000002d and max set version 3
25-04-01 16:47:27 INFO  | Cannot determine local hostname
25-04-01 16:47:27 INFO  | Netty started on port 80 (http)
25-04-01 16:47:29 INFO  | Cannot determine local hostname
25-04-01 16:47:30 INFO  | Cannot determine local hostname
25-04-01 16:47:30 INFO  | Started ChatGatewayApplication in 13.868 seconds (process running for 14.762)
25-04-01 16:48:41 INFO  | [AUTH] path: /
25-04-01 16:48:42 INFO  | [AUTH] path: /login
25-04-01 16:48:43 INFO  | [AUTH] path: /loginProc
25-04-01 16:48:45 INFO  | [AUTH] path: /view/chatListView
25-04-01 16:48:46 INFO  | [AUTH] path: /api/chatList/list
25-04-01 16:48:47 INFO  | [AUTH] path: /view/chatView
25-04-01 16:48:47 INFO  | [AUTH] path: /view/chatView
25-04-01 17:00:07 INFO  | [AUTH] path: /login
25-04-01 18:00:33 INFO  | Monitor thread successfully connected to server with description ServerDescription{address=localhost:27017, type=REPLICA_SET_SECONDARY, state=CONNECTED, ok=true, minWireVersion=0, maxWireVersion=25, maxDocumentSize=16777216, logicalSessionTimeoutMinutes=30, roundTripTimeNanos=1031344, setName='rs0', canonicalAddress=localhost:27017, hosts=[localhost:27018, localhost:27017], passives=[], arbiters=[], primary='null', tagSet=TagSet{[]}, electionId=null, setVersion=3, topologyVersion=TopologyVersion{processId=67ca75f6955a0ae21cfcdf5a, counter=105}, lastWriteDate=Tue Apr 01 17:00:21 KST 2025, lastUpdateTimeNanos=2176345923036000}
25-04-01 18:00:50 INFO  | Monitor thread successfully connected to server with description ServerDescription{address=localhost:27017, type=REPLICA_SET_SECONDARY, state=CONNECTED, ok=true, minWireVersion=0, maxWireVersion=25, maxDocumentSize=16777216, logicalSessionTimeoutMinutes=30, roundTripTimeNanos=2052200, setName='rs0', canonicalAddress=localhost:27017, hosts=[localhost:27018, localhost:27017], passives=[], arbiters=[], primary='localhost:27018', tagSet=TagSet{[]}, electionId=null, setVersion=3, topologyVersion=TopologyVersion{processId=67ca75f6955a0ae21cfcdf5a, counter=105}, lastWriteDate=Tue Apr 01 18:00:49 KST 2025, lastUpdateTimeNanos=2176363654910500}
25-04-01 19:00:32 INFO  | Monitor thread successfully connected to server with description ServerDescription{address=localhost:27017, type=REPLICA_SET_SECONDARY, state=CONNECTED, ok=true, minWireVersion=0, maxWireVersion=25, maxDocumentSize=16777216, logicalSessionTimeoutMinutes=30, roundTripTimeNanos=2665004, setName='rs0', canonicalAddress=localhost:27017, hosts=[localhost:27018, localhost:27017], passives=[], arbiters=[], primary='null', tagSet=TagSet{[]}, electionId=null, setVersion=3, topologyVersion=TopologyVersion{processId=67ca75f6955a0ae21cfcdf5a, counter=105}, lastWriteDate=Tue Apr 01 18:01:01 KST 2025, lastUpdateTimeNanos=2179945695783600}
25-04-01 19:00:50 INFO  | Monitor thread successfully connected to server with description ServerDescription{address=localhost:27017, type=REPLICA_SET_SECONDARY, state=CONNECTED, ok=true, minWireVersion=0, maxWireVersion=25, maxDocumentSize=16777216, logicalSessionTimeoutMinutes=30, roundTripTimeNanos=3474858, setName='rs0', canonicalAddress=localhost:27017, hosts=[localhost:27018, localhost:27017], passives=[], arbiters=[], primary='localhost:27018', tagSet=TagSet{[]}, electionId=null, setVersion=3, topologyVersion=TopologyVersion{processId=67ca75f6955a0ae21cfcdf5a, counter=105}, lastWriteDate=Tue Apr 01 19:00:33 KST 2025, lastUpdateTimeNanos=2179963552193200}
25-04-01 20:00:33 INFO  | Monitor thread successfully connected to server with description ServerDescription{address=localhost:27017, type=REPLICA_SET_SECONDARY, state=CONNECTED, ok=true, minWireVersion=0, maxWireVersion=25, maxDocumentSize=16777216, logicalSessionTimeoutMinutes=30, roundTripTimeNanos=3336897, setName='rs0', canonicalAddress=localhost:27017, hosts=[localhost:27018, localhost:27017], passives=[], arbiters=[], primary='null', tagSet=TagSet{[]}, electionId=null, setVersion=3, topologyVersion=TopologyVersion{processId=67ca75f6955a0ae21cfcdf5a, counter=105}, lastWriteDate=Tue Apr 01 19:01:13 KST 2025, lastUpdateTimeNanos=2183546710521699}
25-04-01 20:00:50 INFO  | Monitor thread successfully connected to server with description ServerDescription{address=localhost:27017, type=REPLICA_SET_SECONDARY, state=CONNECTED, ok=true, minWireVersion=0, maxWireVersion=25, maxDocumentSize=16777216, logicalSessionTimeoutMinutes=30, roundTripTimeNanos=3371209, setName='rs0', canonicalAddress=localhost:27017, hosts=[localhost:27018, localhost:27017], passives=[], arbiters=[], primary='localhost:27018', tagSet=TagSet{[]}, electionId=null, setVersion=3, topologyVersion=TopologyVersion{processId=67ca75f6955a0ae21cfcdf5a, counter=105}, lastWriteDate=Tue Apr 01 20:00:41 KST 2025, lastUpdateTimeNanos=2183563011769200}
25-04-01 21:00:24 INFO  | Monitor thread successfully connected to server with description ServerDescription{address=localhost:27017, type=REPLICA_SET_SECONDARY, state=CONNECTED, ok=true, minWireVersion=0, maxWireVersion=25, maxDocumentSize=16777216, logicalSessionTimeoutMinutes=30, roundTripTimeNanos=3199807, setName='rs0', canonicalAddress=localhost:27017, hosts=[localhost:27018, localhost:27017], passives=[], arbiters=[], primary='null', tagSet=TagSet{[]}, electionId=null, setVersion=3, topologyVersion=TopologyVersion{processId=67ca75f6955a0ae21cfcdf5a, counter=105}, lastWriteDate=Tue Apr 01 20:00:51 KST 2025, lastUpdateTimeNanos=2187137166085000}
25-04-01 21:00:33 INFO  | Monitor thread successfully connected to server with description ServerDescription{address=localhost:27017, type=REPLICA_SET_SECONDARY, state=CONNECTED, ok=true, minWireVersion=0, maxWireVersion=25, maxDocumentSize=16777216, logicalSessionTimeoutMinutes=30, roundTripTimeNanos=3199807, setName='rs0', canonicalAddress=localhost:27017, hosts=[localhost:27018, localhost:27017], passives=[], arbiters=[], primary='localhost:27018', tagSet=TagSet{[]}, electionId=null, setVersion=3, topologyVersion=TopologyVersion{processId=67ca75f6955a0ae21cfcdf5a, counter=105}, lastWriteDate=Tue Apr 01 21:00:26 KST 2025, lastUpdateTimeNanos=2187145963432900}
25-04-01 22:00:34 INFO  | Monitor thread successfully connected to server with description ServerDescription{address=localhost:27017, type=REPLICA_SET_SECONDARY, state=CONNECTED, ok=true, minWireVersion=0, maxWireVersion=25, maxDocumentSize=16777216, logicalSessionTimeoutMinutes=30, roundTripTimeNanos=3203424, setName='rs0', canonicalAddress=localhost:27017, hosts=[localhost:27018, localhost:27017], passives=[], arbiters=[], primary='null', tagSet=TagSet{[]}, electionId=null, setVersion=3, topologyVersion=TopologyVersion{processId=67ca75f6955a0ae21cfcdf5a, counter=105}, lastWriteDate=Tue Apr 01 21:00:46 KST 2025, lastUpdateTimeNanos=2190747371522400}
25-04-01 22:00:43 INFO  | Monitor thread successfully connected to server with description ServerDescription{address=localhost:27017, type=REPLICA_SET_SECONDARY, state=CONNECTED, ok=true, minWireVersion=0, maxWireVersion=25, maxDocumentSize=16777216, logicalSessionTimeoutMinutes=30, roundTripTimeNanos=3293759, setName='rs0', canonicalAddress=localhost:27017, hosts=[localhost:27018, localhost:27017], passives=[], arbiters=[], primary='localhost:27018', tagSet=TagSet{[]}, electionId=null, setVersion=3, topologyVersion=TopologyVersion{processId=67ca75f6955a0ae21cfcdf5a, counter=105}, lastWriteDate=Tue Apr 01 22:00:36 KST 2025, lastUpdateTimeNanos=2190755884237900}
25-04-01 23:00:28 INFO  | Monitor thread successfully connected to server with description ServerDescription{address=localhost:27017, type=REPLICA_SET_SECONDARY, state=CONNECTED, ok=true, minWireVersion=0, maxWireVersion=25, maxDocumentSize=16777216, logicalSessionTimeoutMinutes=30, roundTripTimeNanos=3224493, setName='rs0', canonicalAddress=localhost:27017, hosts=[localhost:27018, localhost:27017], passives=[], arbiters=[], primary='null', tagSet=TagSet{[]}, electionId=null, setVersion=3, topologyVersion=TopologyVersion{processId=67ca75f6955a0ae21cfcdf5a, counter=105}, lastWriteDate=Tue Apr 01 22:00:56 KST 2025, lastUpdateTimeNanos=2194341233853200}
25-04-01 23:00:36 INFO  | Monitor thread successfully connected to server with description ServerDescription{address=localhost:27017, type=REPLICA_SET_SECONDARY, state=CONNECTED, ok=true, minWireVersion=0, maxWireVersion=25, maxDocumentSize=16777216, logicalSessionTimeoutMinutes=30, roundTripTimeNanos=3196834, setName='rs0', canonicalAddress=localhost:27017, hosts=[localhost:27018, localhost:27017], passives=[], arbiters=[], primary='localhost:27018', tagSet=TagSet{[]}, electionId=null, setVersion=3, topologyVersion=TopologyVersion{processId=67ca75f6955a0ae21cfcdf5a, counter=105}, lastWriteDate=Tue Apr 01 23:00:32 KST 2025, lastUpdateTimeNanos=2194349194684000}
